[2.630s] DEBUG:colcon:Command line arguments: ['/usr/bin/colcon', 'build']
[2.631s] DEBUG:colcon:Parsed command line arguments: Namespace(log_base=None, log_level=None, verb_name='build', build_base='build', install_base='install', merge_install=False, symlink_install=False, test_result_base=None, continue_on_error=False, executor='parallel', parallel_workers=4, event_handlers=None, ignore_user_meta=False, metas=['./colcon.meta'], base_paths=['.'], packages_ignore=None, packages_ignore_regex=None, paths=None, packages_up_to=None, packages_up_to_regex=None, packages_above=None, packages_above_and_dependencies=None, packages_above_depth=None, packages_select_by_dep=None, packages_skip_by_dep=None, packages_skip_up_to=None, packages_select_build_failed=False, packages_skip_build_finished=False, packages_select_test_failures=False, packages_skip_test_passed=False, packages_select=None, packages_skip=None, packages_select_regex=None, packages_skip_regex=None, packages_start=None, packages_end=None, allow_overriding=[], cmake_args=None, cmake_target=None, cmake_target_skip_unavailable=False, cmake_clean_cache=False, cmake_clean_first=False, cmake_force_configure=False, ament_cmake_args=None, catkin_cmake_args=None, catkin_skip_building_tests=False, verb_parser=<colcon_defaults.argument_parser.defaults.DefaultArgumentsDecorator object at 0xffff9f57f460>, verb_extension=<colcon_core.verb.build.BuildVerb object at 0xffff9f57eef0>, main=<bound method BuildVerb.main of <colcon_core.verb.build.BuildVerb object at 0xffff9f57eef0>>)
[2.870s] Level 1:colcon.colcon_core.package_discovery:discover_packages(colcon_meta) check parameters
[2.871s] Level 1:colcon.colcon_core.package_discovery:discover_packages(recursive) check parameters
[2.871s] Level 1:colcon.colcon_core.package_discovery:discover_packages(ignore) check parameters
[2.871s] Level 1:colcon.colcon_core.package_discovery:discover_packages(path) check parameters
[2.871s] Level 1:colcon.colcon_core.package_discovery:discover_packages(colcon_meta) discover
[2.872s] Level 1:colcon.colcon_core.package_discovery:discover_packages(recursive) discover
[2.872s] INFO:colcon.colcon_core.package_discovery:Crawling recursively for packages in '/home/ubuntu/ros2_ws'
[2.873s] Level 1:colcon.colcon_core.package_identification:_identify(.) by extensions ['ignore', 'ignore_ament_install']
[2.873s] Level 1:colcon.colcon_core.package_identification:_identify(.) by extension 'ignore'
[2.873s] Level 1:colcon.colcon_core.package_identification:_identify(.) by extension 'ignore_ament_install'
[2.874s] Level 1:colcon.colcon_core.package_identification:_identify(.) by extensions ['colcon_pkg']
[2.874s] Level 1:colcon.colcon_core.package_identification:_identify(.) by extension 'colcon_pkg'
[2.874s] Level 1:colcon.colcon_core.package_identification:_identify(.) by extensions ['colcon_meta']
[2.874s] Level 1:colcon.colcon_core.package_identification:_identify(.) by extension 'colcon_meta'
[2.875s] Level 1:colcon.colcon_core.package_identification:_identify(.) by extensions ['ros']
[2.875s] Level 1:colcon.colcon_core.package_identification:_identify(.) by extension 'ros'
[2.925s] Level 1:colcon.colcon_core.package_identification:_identify(.) by extensions ['cmake', 'python']
[2.926s] Level 1:colcon.colcon_core.package_identification:_identify(.) by extension 'cmake'
[2.926s] Level 1:colcon.colcon_core.package_identification:_identify(.) by extension 'python'
[2.926s] Level 1:colcon.colcon_core.package_identification:_identify(.) by extensions ['python_setup_py']
[2.927s] Level 1:colcon.colcon_core.package_identification:_identify(.) by extension 'python_setup_py'
[2.927s] Level 1:colcon.colcon_core.package_identification:_identify(build) by extensions ['ignore', 'ignore_ament_install']
[2.928s] Level 1:colcon.colcon_core.package_identification:_identify(build) by extension 'ignore'
[2.928s] Level 1:colcon.colcon_core.package_identification:_identify(build) ignored
[2.928s] Level 1:colcon.colcon_core.package_identification:_identify(install) by extensions ['ignore', 'ignore_ament_install']
[2.929s] Level 1:colcon.colcon_core.package_identification:_identify(install) by extension 'ignore'
[2.929s] Level 1:colcon.colcon_core.package_identification:_identify(install) ignored
[2.930s] Level 1:colcon.colcon_core.package_identification:_identify(log) by extensions ['ignore', 'ignore_ament_install']
[2.930s] Level 1:colcon.colcon_core.package_identification:_identify(log) by extension 'ignore'
[2.930s] Level 1:colcon.colcon_core.package_identification:_identify(log) ignored
[2.931s] Level 1:colcon.colcon_core.package_identification:_identify(src) by extensions ['ignore', 'ignore_ament_install']
[2.931s] Level 1:colcon.colcon_core.package_identification:_identify(src) by extension 'ignore'
[2.932s] Level 1:colcon.colcon_core.package_identification:_identify(src) by extension 'ignore_ament_install'
[2.932s] Level 1:colcon.colcon_core.package_identification:_identify(src) by extensions ['colcon_pkg']
[2.932s] Level 1:colcon.colcon_core.package_identification:_identify(src) by extension 'colcon_pkg'
[2.932s] Level 1:colcon.colcon_core.package_identification:_identify(src) by extensions ['colcon_meta']
[2.932s] Level 1:colcon.colcon_core.package_identification:_identify(src) by extension 'colcon_meta'
[2.933s] Level 1:colcon.colcon_core.package_identification:_identify(src) by extensions ['ros']
[2.933s] Level 1:colcon.colcon_core.package_identification:_identify(src) by extension 'ros'
[2.933s] Level 1:colcon.colcon_core.package_identification:_identify(src) by extensions ['cmake', 'python']
[2.933s] Level 1:colcon.colcon_core.package_identification:_identify(src) by extension 'cmake'
[2.933s] Level 1:colcon.colcon_core.package_identification:_identify(src) by extension 'python'
[2.934s] Level 1:colcon.colcon_core.package_identification:_identify(src) by extensions ['python_setup_py']
[2.934s] Level 1:colcon.colcon_core.package_identification:_identify(src) by extension 'python_setup_py'
[2.935s] Level 1:colcon.colcon_core.package_identification:_identify(src/robot_control_architecture_pkg) by extensions ['ignore', 'ignore_ament_install']
[2.935s] Level 1:colcon.colcon_core.package_identification:_identify(src/robot_control_architecture_pkg) by extension 'ignore'
[2.935s] Level 1:colcon.colcon_core.package_identification:_identify(src/robot_control_architecture_pkg) by extension 'ignore_ament_install'
[2.936s] Level 1:colcon.colcon_core.package_identification:_identify(src/robot_control_architecture_pkg) by extensions ['colcon_pkg']
[2.936s] Level 1:colcon.colcon_core.package_identification:_identify(src/robot_control_architecture_pkg) by extension 'colcon_pkg'
[2.936s] Level 1:colcon.colcon_core.package_identification:_identify(src/robot_control_architecture_pkg) by extensions ['colcon_meta']
[2.936s] Level 1:colcon.colcon_core.package_identification:_identify(src/robot_control_architecture_pkg) by extension 'colcon_meta'
[2.937s] Level 1:colcon.colcon_core.package_identification:_identify(src/robot_control_architecture_pkg) by extensions ['ros']
[2.937s] Level 1:colcon.colcon_core.package_identification:_identify(src/robot_control_architecture_pkg) by extension 'ros'
[2.949s] DEBUG:colcon.colcon_core.package_identification:Package 'src/robot_control_architecture_pkg' with type 'ros.ament_python' and name 'robot_control_architecture_pkg'
[2.949s] Level 1:colcon.colcon_core.package_discovery:discover_packages(recursive) using defaults
[2.949s] Level 1:colcon.colcon_core.package_discovery:discover_packages(ignore) discover
[2.950s] Level 1:colcon.colcon_core.package_discovery:discover_packages(ignore) using defaults
[2.950s] Level 1:colcon.colcon_core.package_discovery:discover_packages(path) discover
[2.950s] Level 1:colcon.colcon_core.package_discovery:discover_packages(path) using defaults
[3.107s] Level 1:colcon.colcon_core.package_discovery:discover_packages(prefix_path) check parameters
[3.107s] Level 1:colcon.colcon_core.package_discovery:discover_packages(prefix_path) discover
[3.137s] DEBUG:colcon.colcon_installed_package_information.package_discovery:Found 325 installed packages in /opt/ros/humble
[3.149s] Level 1:colcon.colcon_core.package_discovery:discover_packages(prefix_path) using defaults
[3.479s] Level 5:colcon.colcon_core.verb:set package 'robot_control_architecture_pkg' build argument 'cmake_args' from command line to 'None'
[3.479s] Level 5:colcon.colcon_core.verb:set package 'robot_control_architecture_pkg' build argument 'cmake_target' from command line to 'None'
[3.480s] Level 5:colcon.colcon_core.verb:set package 'robot_control_architecture_pkg' build argument 'cmake_target_skip_unavailable' from command line to 'False'
[3.480s] Level 5:colcon.colcon_core.verb:set package 'robot_control_architecture_pkg' build argument 'cmake_clean_cache' from command line to 'False'
[3.480s] Level 5:colcon.colcon_core.verb:set package 'robot_control_architecture_pkg' build argument 'cmake_clean_first' from command line to 'False'
[3.480s] Level 5:colcon.colcon_core.verb:set package 'robot_control_architecture_pkg' build argument 'cmake_force_configure' from command line to 'False'
[3.480s] Level 5:colcon.colcon_core.verb:set package 'robot_control_architecture_pkg' build argument 'ament_cmake_args' from command line to 'None'
[3.480s] Level 5:colcon.colcon_core.verb:set package 'robot_control_architecture_pkg' build argument 'catkin_cmake_args' from command line to 'None'
[3.481s] Level 5:colcon.colcon_core.verb:set package 'robot_control_architecture_pkg' build argument 'catkin_skip_building_tests' from command line to 'False'
[3.481s] DEBUG:colcon.colcon_core.verb:Building package 'robot_control_architecture_pkg' with the following arguments: {'ament_cmake_args': None, 'build_base': '/home/ubuntu/ros2_ws/build/robot_control_architecture_pkg', 'catkin_cmake_args': None, 'catkin_skip_building_tests': False, 'cmake_args': None, 'cmake_clean_cache': False, 'cmake_clean_first': False, 'cmake_force_configure': False, 'cmake_target': None, 'cmake_target_skip_unavailable': False, 'install_base': '/home/ubuntu/ros2_ws/install/robot_control_architecture_pkg', 'merge_install': False, 'path': '/home/ubuntu/ros2_ws/src/robot_control_architecture_pkg', 'symlink_install': False, 'test_result_base': None}
[3.484s] INFO:colcon.colcon_core.executor:Executing jobs using 'parallel' executor
[3.498s] DEBUG:colcon.colcon_parallel_executor.executor.parallel:run_until_complete
[3.499s] INFO:colcon.colcon_ros.task.ament_python.build:Building ROS package in '/home/ubuntu/ros2_ws/src/robot_control_architecture_pkg' with build type 'ament_python'
[3.500s] Level 1:colcon.colcon_core.shell:create_environment_hook('robot_control_architecture_pkg', 'ament_prefix_path')
[3.539s] INFO:colcon.colcon_core.plugin_system:Skipping extension 'colcon_core.shell.bat': Not used on non-Windows systems
[3.540s] INFO:colcon.colcon_core.shell:Creating environment hook '/home/ubuntu/ros2_ws/install/robot_control_architecture_pkg/share/robot_control_architecture_pkg/hook/ament_prefix_path.ps1'
[3.544s] INFO:colcon.colcon_core.shell:Creating environment descriptor '/home/ubuntu/ros2_ws/install/robot_control_architecture_pkg/share/robot_control_architecture_pkg/hook/ament_prefix_path.dsv'
[3.548s] INFO:colcon.colcon_core.shell:Creating environment hook '/home/ubuntu/ros2_ws/install/robot_control_architecture_pkg/share/robot_control_architecture_pkg/hook/ament_prefix_path.sh'
[3.557s] INFO:colcon.colcon_core.shell:Skip shell extension 'powershell' for command environment: Not usable outside of PowerShell
[3.558s] DEBUG:colcon.colcon_core.shell:Skip shell extension 'dsv' for command environment
[5.213s] INFO:colcon.colcon_core.task.python.build:Building Python package in '/home/ubuntu/ros2_ws/src/robot_control_architecture_pkg'
[5.219s] INFO:colcon.colcon_core.shell:Skip shell extension 'powershell' for command environment: Not usable outside of PowerShell
[5.219s] DEBUG:colcon.colcon_core.shell:Skip shell extension 'dsv' for command environment
[7.554s] DEBUG:colcon.colcon_core.event_handler.log_command:Invoking command in '/home/ubuntu/ros2_ws/src/robot_control_architecture_pkg': PYTHONPATH=/home/ubuntu/ros2_ws/build/robot_control_architecture_pkg/prefix_override:/home/ubuntu/ros2_ws/install/robot_control_architecture_pkg/lib/python3.10/site-packages:${PYTHONPATH} /usr/bin/python3 setup.py egg_info --egg-base ../../build/robot_control_architecture_pkg build --build-base /home/ubuntu/ros2_ws/build/robot_control_architecture_pkg/build install --record /home/ubuntu/ros2_ws/build/robot_control_architecture_pkg/install.log --single-version-externally-managed
[9.211s] DEBUG:colcon.colcon_core.event_handler.log_command:Invoked command in '/home/ubuntu/ros2_ws/src/robot_control_architecture_pkg' returned '0': PYTHONPATH=/home/ubuntu/ros2_ws/build/robot_control_architecture_pkg/prefix_override:/home/ubuntu/ros2_ws/install/robot_control_architecture_pkg/lib/python3.10/site-packages:${PYTHONPATH} /usr/bin/python3 setup.py egg_info --egg-base ../../build/robot_control_architecture_pkg build --build-base /home/ubuntu/ros2_ws/build/robot_control_architecture_pkg/build install --record /home/ubuntu/ros2_ws/build/robot_control_architecture_pkg/install.log --single-version-externally-managed
[9.251s] Level 1:colcon.colcon_core.environment:checking '/home/ubuntu/ros2_ws/install/robot_control_architecture_pkg' for CMake module files
[9.253s] Level 1:colcon.colcon_core.environment:checking '/home/ubuntu/ros2_ws/install/robot_control_architecture_pkg' for CMake config files
[9.257s] Level 1:colcon.colcon_core.environment:checking '/home/ubuntu/ros2_ws/install/robot_control_architecture_pkg/lib'
[9.258s] Level 1:colcon.colcon_core.environment:checking '/home/ubuntu/ros2_ws/install/robot_control_architecture_pkg/bin'
[9.259s] Level 1:colcon.colcon_core.environment:checking '/home/ubuntu/ros2_ws/install/robot_control_architecture_pkg/lib/pkgconfig/robot_control_architecture_pkg.pc'
[9.260s] Level 1:colcon.colcon_core.environment:checking '/home/ubuntu/ros2_ws/install/robot_control_architecture_pkg/lib/python3.10/site-packages'
[9.261s] Level 1:colcon.colcon_core.shell:create_environment_hook('robot_control_architecture_pkg', 'pythonpath')
[9.267s] INFO:colcon.colcon_core.shell:Creating environment hook '/home/ubuntu/ros2_ws/install/robot_control_architecture_pkg/share/robot_control_architecture_pkg/hook/pythonpath.ps1'
[9.269s] INFO:colcon.colcon_core.shell:Creating environment descriptor '/home/ubuntu/ros2_ws/install/robot_control_architecture_pkg/share/robot_control_architecture_pkg/hook/pythonpath.dsv'
[9.271s] INFO:colcon.colcon_core.shell:Creating environment hook '/home/ubuntu/ros2_ws/install/robot_control_architecture_pkg/share/robot_control_architecture_pkg/hook/pythonpath.sh'
[9.274s] Level 1:colcon.colcon_core.environment:checking '/home/ubuntu/ros2_ws/install/robot_control_architecture_pkg/bin'
[9.275s] Level 1:colcon.colcon_core.environment:create_environment_scripts_only(robot_control_architecture_pkg)
[9.282s] INFO:colcon.colcon_core.shell:Creating package script '/home/ubuntu/ros2_ws/install/robot_control_architecture_pkg/share/robot_control_architecture_pkg/package.ps1'
[9.289s] INFO:colcon.colcon_core.shell:Creating package descriptor '/home/ubuntu/ros2_ws/install/robot_control_architecture_pkg/share/robot_control_architecture_pkg/package.dsv'
[9.293s] INFO:colcon.colcon_core.shell:Creating package script '/home/ubuntu/ros2_ws/install/robot_control_architecture_pkg/share/robot_control_architecture_pkg/package.sh'
[9.298s] INFO:colcon.colcon_core.shell:Creating package script '/home/ubuntu/ros2_ws/install/robot_control_architecture_pkg/share/robot_control_architecture_pkg/package.bash'
[9.303s] INFO:colcon.colcon_core.shell:Creating package script '/home/ubuntu/ros2_ws/install/robot_control_architecture_pkg/share/robot_control_architecture_pkg/package.zsh'
[9.309s] Level 1:colcon.colcon_core.environment:create_file_with_runtime_dependencies(/home/ubuntu/ros2_ws/install/robot_control_architecture_pkg/share/colcon-core/packages/robot_control_architecture_pkg)
[9.311s] DEBUG:colcon.colcon_parallel_executor.executor.parallel:closing loop
[9.312s] DEBUG:colcon.colcon_parallel_executor.executor.parallel:loop closed
[9.313s] DEBUG:colcon.colcon_parallel_executor.executor.parallel:run_until_complete finished with '0'
[9.314s] DEBUG:colcon.colcon_core.event_reactor:joining thread
[9.353s] INFO:colcon.colcon_core.plugin_system:Skipping extension 'colcon_notification.desktop_notification.notify_send': Could not find 'notify-send'
[9.353s] INFO:colcon.colcon_core.plugin_system:Skipping extension 'colcon_notification.desktop_notification.terminal_notifier': Not used on non-Darwin systems
[9.365s] INFO:colcon.colcon_core.plugin_system:Skipping extension 'colcon_notification.desktop_notification.win32': Not used on non-Windows systems
[9.366s] INFO:colcon.colcon_notification.desktop_notification:Sending desktop notification using 'notify2'
[9.415s] DEBUG:colcon.colcon_notification.desktop_notification.notify2:Failed to initialize notify2: org.freedesktop.DBus.Error.ServiceUnknown: The name org.freedesktop.Notifications was not provided by any .service files
[9.418s] DEBUG:colcon.colcon_core.event_reactor:joined thread
[9.424s] INFO:colcon.colcon_core.shell:Creating prefix script '/home/ubuntu/ros2_ws/install/local_setup.ps1'
[9.429s] INFO:colcon.colcon_core.shell:Creating prefix util module '/home/ubuntu/ros2_ws/install/_local_setup_util_ps1.py'
[9.440s] INFO:colcon.colcon_core.shell:Creating prefix chain script '/home/ubuntu/ros2_ws/install/setup.ps1'
[9.453s] INFO:colcon.colcon_core.shell:Creating prefix script '/home/ubuntu/ros2_ws/install/local_setup.sh'
[9.457s] INFO:colcon.colcon_core.shell:Creating prefix util module '/home/ubuntu/ros2_ws/install/_local_setup_util_sh.py'
[9.459s] INFO:colcon.colcon_core.shell:Creating prefix chain script '/home/ubuntu/ros2_ws/install/setup.sh'
[9.470s] INFO:colcon.colcon_core.shell:Creating prefix script '/home/ubuntu/ros2_ws/install/local_setup.bash'
[9.473s] INFO:colcon.colcon_core.shell:Creating prefix chain script '/home/ubuntu/ros2_ws/install/setup.bash'
[9.479s] INFO:colcon.colcon_core.shell:Creating prefix script '/home/ubuntu/ros2_ws/install/local_setup.zsh'
[9.483s] INFO:colcon.colcon_core.shell:Creating prefix chain script '/home/ubuntu/ros2_ws/install/setup.zsh'
