[3.376s] DEBUG:colcon:Command line arguments: ['/usr/bin/colcon', 'build']
[3.377s] DEBUG:colcon:Parsed command line arguments: Namespace(log_base=None, log_level=None, verb_name='build', build_base='build', install_base='install', merge_install=False, symlink_install=False, test_result_base=None, continue_on_error=False, executor='parallel', parallel_workers=4, event_handlers=None, ignore_user_meta=False, metas=['./colcon.meta'], base_paths=['.'], packages_ignore=None, packages_ignore_regex=None, paths=None, packages_up_to=None, packages_up_to_regex=None, packages_above=None, packages_above_and_dependencies=None, packages_above_depth=None, packages_select_by_dep=None, packages_skip_by_dep=None, packages_skip_up_to=None, packages_select_build_failed=False, packages_skip_build_finished=False, packages_select_test_failures=False, packages_skip_test_passed=False, packages_select=None, packages_skip=None, packages_select_regex=None, packages_skip_regex=None, packages_start=None, packages_end=None, allow_overriding=[], cmake_args=None, cmake_target=None, cmake_target_skip_unavailable=False, cmake_clean_cache=False, cmake_clean_first=False, cmake_force_configure=False, ament_cmake_args=None, catkin_cmake_args=None, catkin_skip_building_tests=False, verb_parser=<colcon_defaults.argument_parser.defaults.DefaultArgumentsDecorator object at 0xffff8d3cf5b0>, verb_extension=<colcon_core.verb.build.BuildVerb object at 0xffff8d3cf040>, main=<bound method BuildVerb.main of <colcon_core.verb.build.BuildVerb object at 0xffff8d3cf040>>)
[3.700s] Level 1:colcon.colcon_core.package_discovery:discover_packages(colcon_meta) check parameters
[3.700s] Level 1:colcon.colcon_core.package_discovery:discover_packages(recursive) check parameters
[3.701s] Level 1:colcon.colcon_core.package_discovery:discover_packages(ignore) check parameters
[3.701s] Level 1:colcon.colcon_core.package_discovery:discover_packages(path) check parameters
[3.701s] Level 1:colcon.colcon_core.package_discovery:discover_packages(colcon_meta) discover
[3.702s] Level 1:colcon.colcon_core.package_discovery:discover_packages(recursive) discover
[3.703s] INFO:colcon.colcon_core.package_discovery:Crawling recursively for packages in '/home/ubuntu/ros2_ws'
[3.704s] Level 1:colcon.colcon_core.package_identification:_identify(.) by extensions ['ignore', 'ignore_ament_install']
[3.705s] Level 1:colcon.colcon_core.package_identification:_identify(.) by extension 'ignore'
[3.705s] Level 1:colcon.colcon_core.package_identification:_identify(.) by extension 'ignore_ament_install'
[3.705s] Level 1:colcon.colcon_core.package_identification:_identify(.) by extensions ['colcon_pkg']
[3.705s] Level 1:colcon.colcon_core.package_identification:_identify(.) by extension 'colcon_pkg'
[3.706s] Level 1:colcon.colcon_core.package_identification:_identify(.) by extensions ['colcon_meta']
[3.706s] Level 1:colcon.colcon_core.package_identification:_identify(.) by extension 'colcon_meta'
[3.706s] Level 1:colcon.colcon_core.package_identification:_identify(.) by extensions ['ros']
[3.706s] Level 1:colcon.colcon_core.package_identification:_identify(.) by extension 'ros'
[3.771s] Level 1:colcon.colcon_core.package_identification:_identify(.) by extensions ['cmake', 'python']
[3.771s] Level 1:colcon.colcon_core.package_identification:_identify(.) by extension 'cmake'
[3.771s] Level 1:colcon.colcon_core.package_identification:_identify(.) by extension 'python'
[3.772s] Level 1:colcon.colcon_core.package_identification:_identify(.) by extensions ['python_setup_py']
[3.772s] Level 1:colcon.colcon_core.package_identification:_identify(.) by extension 'python_setup_py'
[3.772s] Level 1:colcon.colcon_core.package_identification:_identify(build) by extensions ['ignore', 'ignore_ament_install']
[3.773s] Level 1:colcon.colcon_core.package_identification:_identify(build) by extension 'ignore'
[3.773s] Level 1:colcon.colcon_core.package_identification:_identify(build) ignored
[3.774s] Level 1:colcon.colcon_core.package_identification:_identify(install) by extensions ['ignore', 'ignore_ament_install']
[3.774s] Level 1:colcon.colcon_core.package_identification:_identify(install) by extension 'ignore'
[3.775s] Level 1:colcon.colcon_core.package_identification:_identify(install) ignored
[3.775s] Level 1:colcon.colcon_core.package_identification:_identify(log) by extensions ['ignore', 'ignore_ament_install']
[3.775s] Level 1:colcon.colcon_core.package_identification:_identify(log) by extension 'ignore'
[3.776s] Level 1:colcon.colcon_core.package_identification:_identify(log) ignored
[3.777s] Level 1:colcon.colcon_core.package_identification:_identify(src) by extensions ['ignore', 'ignore_ament_install']
[3.781s] Level 1:colcon.colcon_core.package_identification:_identify(src) by extension 'ignore'
[3.783s] Level 1:colcon.colcon_core.package_identification:_identify(src) by extension 'ignore_ament_install'
[3.784s] Level 1:colcon.colcon_core.package_identification:_identify(src) by extensions ['colcon_pkg']
[3.784s] Level 1:colcon.colcon_core.package_identification:_identify(src) by extension 'colcon_pkg'
[3.784s] Level 1:colcon.colcon_core.package_identification:_identify(src) by extensions ['colcon_meta']
[3.784s] Level 1:colcon.colcon_core.package_identification:_identify(src) by extension 'colcon_meta'
[3.785s] Level 1:colcon.colcon_core.package_identification:_identify(src) by extensions ['ros']
[3.785s] Level 1:colcon.colcon_core.package_identification:_identify(src) by extension 'ros'
[3.786s] Level 1:colcon.colcon_core.package_identification:_identify(src) by extensions ['cmake', 'python']
[3.786s] Level 1:colcon.colcon_core.package_identification:_identify(src) by extension 'cmake'
[3.787s] Level 1:colcon.colcon_core.package_identification:_identify(src) by extension 'python'
[3.787s] Level 1:colcon.colcon_core.package_identification:_identify(src) by extensions ['python_setup_py']
[3.789s] Level 1:colcon.colcon_core.package_identification:_identify(src) by extension 'python_setup_py'
[3.791s] Level 1:colcon.colcon_core.package_identification:_identify(src/control_architecture_pkg) by extensions ['ignore', 'ignore_ament_install']
[3.792s] Level 1:colcon.colcon_core.package_identification:_identify(src/control_architecture_pkg) by extension 'ignore'
[3.793s] Level 1:colcon.colcon_core.package_identification:_identify(src/control_architecture_pkg) by extension 'ignore_ament_install'
[3.794s] Level 1:colcon.colcon_core.package_identification:_identify(src/control_architecture_pkg) by extensions ['colcon_pkg']
[3.794s] Level 1:colcon.colcon_core.package_identification:_identify(src/control_architecture_pkg) by extension 'colcon_pkg'
[3.795s] Level 1:colcon.colcon_core.package_identification:_identify(src/control_architecture_pkg) by extensions ['colcon_meta']
[3.795s] Level 1:colcon.colcon_core.package_identification:_identify(src/control_architecture_pkg) by extension 'colcon_meta'
[3.795s] Level 1:colcon.colcon_core.package_identification:_identify(src/control_architecture_pkg) by extensions ['ros']
[3.796s] Level 1:colcon.colcon_core.package_identification:_identify(src/control_architecture_pkg) by extension 'ros'
[3.814s] DEBUG:colcon.colcon_core.package_identification:Package 'src/control_architecture_pkg' with type 'ros.ament_python' and name 'control_architecture_pkg'
[3.814s] Level 1:colcon.colcon_core.package_identification:_identify(src/robot_control_architecture_pkg) by extensions ['ignore', 'ignore_ament_install']
[3.815s] Level 1:colcon.colcon_core.package_identification:_identify(src/robot_control_architecture_pkg) by extension 'ignore'
[3.815s] Level 1:colcon.colcon_core.package_identification:_identify(src/robot_control_architecture_pkg) by extension 'ignore_ament_install'
[3.815s] Level 1:colcon.colcon_core.package_identification:_identify(src/robot_control_architecture_pkg) by extensions ['colcon_pkg']
[3.815s] Level 1:colcon.colcon_core.package_identification:_identify(src/robot_control_architecture_pkg) by extension 'colcon_pkg'
[3.816s] Level 1:colcon.colcon_core.package_identification:_identify(src/robot_control_architecture_pkg) by extensions ['colcon_meta']
[3.816s] Level 1:colcon.colcon_core.package_identification:_identify(src/robot_control_architecture_pkg) by extension 'colcon_meta'
[3.816s] Level 1:colcon.colcon_core.package_identification:_identify(src/robot_control_architecture_pkg) by extensions ['ros']
[3.816s] Level 1:colcon.colcon_core.package_identification:_identify(src/robot_control_architecture_pkg) by extension 'ros'
[3.838s] DEBUG:colcon.colcon_core.package_identification:Package 'src/robot_control_architecture_pkg' with type 'ros.ament_python' and name 'robot_control_architecture_pkg'
[3.839s] Level 1:colcon.colcon_core.package_discovery:discover_packages(recursive) using defaults
[3.840s] Level 1:colcon.colcon_core.package_discovery:discover_packages(ignore) discover
[3.840s] Level 1:colcon.colcon_core.package_discovery:discover_packages(ignore) using defaults
[3.841s] Level 1:colcon.colcon_core.package_discovery:discover_packages(path) discover
[3.841s] Level 1:colcon.colcon_core.package_discovery:discover_packages(path) using defaults
[4.040s] Level 1:colcon.colcon_core.package_discovery:discover_packages(prefix_path) check parameters
[4.040s] Level 1:colcon.colcon_core.package_discovery:discover_packages(prefix_path) discover
[4.080s] DEBUG:colcon.colcon_installed_package_information.package_discovery:Found 325 installed packages in /opt/ros/humble
[4.089s] Level 1:colcon.colcon_core.package_discovery:discover_packages(prefix_path) using defaults
[4.513s] Level 5:colcon.colcon_core.verb:set package 'control_architecture_pkg' build argument 'cmake_args' from command line to 'None'
[4.513s] Level 5:colcon.colcon_core.verb:set package 'control_architecture_pkg' build argument 'cmake_target' from command line to 'None'
[4.513s] Level 5:colcon.colcon_core.verb:set package 'control_architecture_pkg' build argument 'cmake_target_skip_unavailable' from command line to 'False'
[4.513s] Level 5:colcon.colcon_core.verb:set package 'control_architecture_pkg' build argument 'cmake_clean_cache' from command line to 'False'
[4.514s] Level 5:colcon.colcon_core.verb:set package 'control_architecture_pkg' build argument 'cmake_clean_first' from command line to 'False'
[4.514s] Level 5:colcon.colcon_core.verb:set package 'control_architecture_pkg' build argument 'cmake_force_configure' from command line to 'False'
[4.514s] Level 5:colcon.colcon_core.verb:set package 'control_architecture_pkg' build argument 'ament_cmake_args' from command line to 'None'
[4.514s] Level 5:colcon.colcon_core.verb:set package 'control_architecture_pkg' build argument 'catkin_cmake_args' from command line to 'None'
[4.514s] Level 5:colcon.colcon_core.verb:set package 'control_architecture_pkg' build argument 'catkin_skip_building_tests' from command line to 'False'
[4.514s] DEBUG:colcon.colcon_core.verb:Building package 'control_architecture_pkg' with the following arguments: {'ament_cmake_args': None, 'build_base': '/home/ubuntu/ros2_ws/build/control_architecture_pkg', 'catkin_cmake_args': None, 'catkin_skip_building_tests': False, 'cmake_args': None, 'cmake_clean_cache': False, 'cmake_clean_first': False, 'cmake_force_configure': False, 'cmake_target': None, 'cmake_target_skip_unavailable': False, 'install_base': '/home/ubuntu/ros2_ws/install/control_architecture_pkg', 'merge_install': False, 'path': '/home/ubuntu/ros2_ws/src/control_architecture_pkg', 'symlink_install': False, 'test_result_base': None}
[4.519s] Level 5:colcon.colcon_core.verb:set package 'robot_control_architecture_pkg' build argument 'cmake_args' from command line to 'None'
[4.520s] Level 5:colcon.colcon_core.verb:set package 'robot_control_architecture_pkg' build argument 'cmake_target' from command line to 'None'
[4.520s] Level 5:colcon.colcon_core.verb:set package 'robot_control_architecture_pkg' build argument 'cmake_target_skip_unavailable' from command line to 'False'
[4.520s] Level 5:colcon.colcon_core.verb:set package 'robot_control_architecture_pkg' build argument 'cmake_clean_cache' from command line to 'False'
[4.520s] Level 5:colcon.colcon_core.verb:set package 'robot_control_architecture_pkg' build argument 'cmake_clean_first' from command line to 'False'
[4.520s] Level 5:colcon.colcon_core.verb:set package 'robot_control_architecture_pkg' build argument 'cmake_force_configure' from command line to 'False'
[4.520s] Level 5:colcon.colcon_core.verb:set package 'robot_control_architecture_pkg' build argument 'ament_cmake_args' from command line to 'None'
[4.520s] Level 5:colcon.colcon_core.verb:set package 'robot_control_architecture_pkg' build argument 'catkin_cmake_args' from command line to 'None'
[4.521s] Level 5:colcon.colcon_core.verb:set package 'robot_control_architecture_pkg' build argument 'catkin_skip_building_tests' from command line to 'False'
[4.521s] DEBUG:colcon.colcon_core.verb:Building package 'robot_control_architecture_pkg' with the following arguments: {'ament_cmake_args': None, 'build_base': '/home/ubuntu/ros2_ws/build/robot_control_architecture_pkg', 'catkin_cmake_args': None, 'catkin_skip_building_tests': False, 'cmake_args': None, 'cmake_clean_cache': False, 'cmake_clean_first': False, 'cmake_force_configure': False, 'cmake_target': None, 'cmake_target_skip_unavailable': False, 'install_base': '/home/ubuntu/ros2_ws/install/robot_control_architecture_pkg', 'merge_install': False, 'path': '/home/ubuntu/ros2_ws/src/robot_control_architecture_pkg', 'symlink_install': False, 'test_result_base': None}
[4.526s] INFO:colcon.colcon_core.executor:Executing jobs using 'parallel' executor
[4.543s] DEBUG:colcon.colcon_parallel_executor.executor.parallel:run_until_complete
[4.547s] INFO:colcon.colcon_ros.task.ament_python.build:Building ROS package in '/home/ubuntu/ros2_ws/src/control_architecture_pkg' with build type 'ament_python'
[4.548s] Level 1:colcon.colcon_core.shell:create_environment_hook('control_architecture_pkg', 'ament_prefix_path')
[4.596s] INFO:colcon.colcon_core.plugin_system:Skipping extension 'colcon_core.shell.bat': Not used on non-Windows systems
[4.597s] INFO:colcon.colcon_core.shell:Creating environment hook '/home/ubuntu/ros2_ws/install/control_architecture_pkg/share/control_architecture_pkg/hook/ament_prefix_path.ps1'
[4.601s] INFO:colcon.colcon_core.shell:Creating environment descriptor '/home/ubuntu/ros2_ws/install/control_architecture_pkg/share/control_architecture_pkg/hook/ament_prefix_path.dsv'
[4.605s] INFO:colcon.colcon_core.shell:Creating environment hook '/home/ubuntu/ros2_ws/install/control_architecture_pkg/share/control_architecture_pkg/hook/ament_prefix_path.sh'
[4.622s] INFO:colcon.colcon_core.shell:Skip shell extension 'powershell' for command environment: Not usable outside of PowerShell
[4.623s] DEBUG:colcon.colcon_core.shell:Skip shell extension 'dsv' for command environment
[4.649s] INFO:colcon.colcon_ros.task.ament_python.build:Building ROS package in '/home/ubuntu/ros2_ws/src/robot_control_architecture_pkg' with build type 'ament_python'
[4.650s] Level 1:colcon.colcon_core.shell:create_environment_hook('robot_control_architecture_pkg', 'ament_prefix_path')
[4.666s] INFO:colcon.colcon_core.shell:Creating environment hook '/home/ubuntu/ros2_ws/install/robot_control_architecture_pkg/share/robot_control_architecture_pkg/hook/ament_prefix_path.ps1'
[4.673s] INFO:colcon.colcon_core.shell:Creating environment descriptor '/home/ubuntu/ros2_ws/install/robot_control_architecture_pkg/share/robot_control_architecture_pkg/hook/ament_prefix_path.dsv'
[4.675s] INFO:colcon.colcon_core.shell:Creating environment hook '/home/ubuntu/ros2_ws/install/robot_control_architecture_pkg/share/robot_control_architecture_pkg/hook/ament_prefix_path.sh'
[4.682s] INFO:colcon.colcon_core.shell:Skip shell extension 'powershell' for command environment: Not usable outside of PowerShell
[4.683s] DEBUG:colcon.colcon_core.shell:Skip shell extension 'dsv' for command environment
[6.640s] INFO:colcon.colcon_core.task.python.build:Building Python package in '/home/ubuntu/ros2_ws/src/control_architecture_pkg'
[6.655s] INFO:colcon.colcon_core.shell:Skip shell extension 'powershell' for command environment: Not usable outside of PowerShell
[6.656s] DEBUG:colcon.colcon_core.shell:Skip shell extension 'dsv' for command environment
[8.768s] INFO:colcon.colcon_core.task.python.build:Building Python package in '/home/ubuntu/ros2_ws/src/robot_control_architecture_pkg'
[8.775s] INFO:colcon.colcon_core.shell:Skip shell extension 'powershell' for command environment: Not usable outside of PowerShell
[8.775s] DEBUG:colcon.colcon_core.shell:Skip shell extension 'dsv' for command environment
[12.368s] DEBUG:colcon.colcon_core.event_handler.log_command:Invoking command in '/home/ubuntu/ros2_ws/src/robot_control_architecture_pkg': PYTHONPATH=/home/ubuntu/ros2_ws/build/robot_control_architecture_pkg/prefix_override:/home/ubuntu/ros2_ws/install/robot_control_architecture_pkg/lib/python3.10/site-packages:${PYTHONPATH} /usr/bin/python3 setup.py egg_info --egg-base ../../build/robot_control_architecture_pkg build --build-base /home/ubuntu/ros2_ws/build/robot_control_architecture_pkg/build install --record /home/ubuntu/ros2_ws/build/robot_control_architecture_pkg/install.log --single-version-externally-managed
[12.472s] DEBUG:colcon.colcon_core.event_handler.log_command:Invoking command in '/home/ubuntu/ros2_ws/src/control_architecture_pkg': PYTHONPATH=/home/ubuntu/ros2_ws/build/control_architecture_pkg/prefix_override:/home/ubuntu/ros2_ws/install/control_architecture_pkg/lib/python3.10/site-packages:${PYTHONPATH} /usr/bin/python3 setup.py egg_info --egg-base ../../build/control_architecture_pkg build --build-base /home/ubuntu/ros2_ws/build/control_architecture_pkg/build install --record /home/ubuntu/ros2_ws/build/control_architecture_pkg/install.log --single-version-externally-managed
[14.862s] DEBUG:colcon.colcon_core.event_handler.log_command:Invoked command in '/home/ubuntu/ros2_ws/src/control_architecture_pkg' returned '0': PYTHONPATH=/home/ubuntu/ros2_ws/build/control_architecture_pkg/prefix_override:/home/ubuntu/ros2_ws/install/control_architecture_pkg/lib/python3.10/site-packages:${PYTHONPATH} /usr/bin/python3 setup.py egg_info --egg-base ../../build/control_architecture_pkg build --build-base /home/ubuntu/ros2_ws/build/control_architecture_pkg/build install --record /home/ubuntu/ros2_ws/build/control_architecture_pkg/install.log --single-version-externally-managed
[14.928s] Level 1:colcon.colcon_core.environment:checking '/home/ubuntu/ros2_ws/install/control_architecture_pkg' for CMake module files
[14.931s] Level 1:colcon.colcon_core.environment:checking '/home/ubuntu/ros2_ws/install/control_architecture_pkg' for CMake config files
[14.935s] Level 1:colcon.colcon_core.environment:checking '/home/ubuntu/ros2_ws/install/control_architecture_pkg/lib'
[14.936s] Level 1:colcon.colcon_core.environment:checking '/home/ubuntu/ros2_ws/install/control_architecture_pkg/bin'
[14.937s] Level 1:colcon.colcon_core.environment:checking '/home/ubuntu/ros2_ws/install/control_architecture_pkg/lib/pkgconfig/control_architecture_pkg.pc'
[14.938s] Level 1:colcon.colcon_core.environment:checking '/home/ubuntu/ros2_ws/install/control_architecture_pkg/lib/python3.10/site-packages'
[14.939s] Level 1:colcon.colcon_core.shell:create_environment_hook('control_architecture_pkg', 'pythonpath')
[14.955s] INFO:colcon.colcon_core.shell:Creating environment hook '/home/ubuntu/ros2_ws/install/control_architecture_pkg/share/control_architecture_pkg/hook/pythonpath.ps1'
[14.958s] INFO:colcon.colcon_core.shell:Creating environment descriptor '/home/ubuntu/ros2_ws/install/control_architecture_pkg/share/control_architecture_pkg/hook/pythonpath.dsv'
[14.966s] INFO:colcon.colcon_core.shell:Creating environment hook '/home/ubuntu/ros2_ws/install/control_architecture_pkg/share/control_architecture_pkg/hook/pythonpath.sh'
[14.969s] Level 1:colcon.colcon_core.environment:checking '/home/ubuntu/ros2_ws/install/control_architecture_pkg/bin'
[14.970s] Level 1:colcon.colcon_core.environment:create_environment_scripts_only(control_architecture_pkg)
[14.977s] INFO:colcon.colcon_core.shell:Creating package script '/home/ubuntu/ros2_ws/install/control_architecture_pkg/share/control_architecture_pkg/package.ps1'
[14.983s] INFO:colcon.colcon_core.shell:Creating package descriptor '/home/ubuntu/ros2_ws/install/control_architecture_pkg/share/control_architecture_pkg/package.dsv'
[14.987s] INFO:colcon.colcon_core.shell:Creating package script '/home/ubuntu/ros2_ws/install/control_architecture_pkg/share/control_architecture_pkg/package.sh'
[15.003s] INFO:colcon.colcon_core.shell:Creating package script '/home/ubuntu/ros2_ws/install/control_architecture_pkg/share/control_architecture_pkg/package.bash'
[15.012s] INFO:colcon.colcon_core.shell:Creating package script '/home/ubuntu/ros2_ws/install/control_architecture_pkg/share/control_architecture_pkg/package.zsh'
[15.019s] Level 1:colcon.colcon_core.environment:create_file_with_runtime_dependencies(/home/ubuntu/ros2_ws/install/control_architecture_pkg/share/colcon-core/packages/control_architecture_pkg)
[15.249s] Level 1:colcon.colcon_core.environment:checking '/home/ubuntu/ros2_ws/install/robot_control_architecture_pkg' for CMake module files
[15.250s] DEBUG:colcon.colcon_core.event_handler.log_command:Invoked command in '/home/ubuntu/ros2_ws/src/robot_control_architecture_pkg' returned '0': PYTHONPATH=/home/ubuntu/ros2_ws/build/robot_control_architecture_pkg/prefix_override:/home/ubuntu/ros2_ws/install/robot_control_architecture_pkg/lib/python3.10/site-packages:${PYTHONPATH} /usr/bin/python3 setup.py egg_info --egg-base ../../build/robot_control_architecture_pkg build --build-base /home/ubuntu/ros2_ws/build/robot_control_architecture_pkg/build install --record /home/ubuntu/ros2_ws/build/robot_control_architecture_pkg/install.log --single-version-externally-managed
[15.253s] Level 1:colcon.colcon_core.environment:checking '/home/ubuntu/ros2_ws/install/robot_control_architecture_pkg' for CMake config files
[15.258s] Level 1:colcon.colcon_core.environment:checking '/home/ubuntu/ros2_ws/install/robot_control_architecture_pkg/lib'
[15.258s] Level 1:colcon.colcon_core.environment:checking '/home/ubuntu/ros2_ws/install/robot_control_architecture_pkg/bin'
[15.259s] Level 1:colcon.colcon_core.environment:checking '/home/ubuntu/ros2_ws/install/robot_control_architecture_pkg/lib/pkgconfig/robot_control_architecture_pkg.pc'
[15.259s] Level 1:colcon.colcon_core.environment:checking '/home/ubuntu/ros2_ws/install/robot_control_architecture_pkg/lib/python3.10/site-packages'
[15.260s] Level 1:colcon.colcon_core.shell:create_environment_hook('robot_control_architecture_pkg', 'pythonpath')
[15.266s] INFO:colcon.colcon_core.shell:Creating environment hook '/home/ubuntu/ros2_ws/install/robot_control_architecture_pkg/share/robot_control_architecture_pkg/hook/pythonpath.ps1'
[15.273s] INFO:colcon.colcon_core.shell:Creating environment descriptor '/home/ubuntu/ros2_ws/install/robot_control_architecture_pkg/share/robot_control_architecture_pkg/hook/pythonpath.dsv'
[15.277s] INFO:colcon.colcon_core.shell:Creating environment hook '/home/ubuntu/ros2_ws/install/robot_control_architecture_pkg/share/robot_control_architecture_pkg/hook/pythonpath.sh'
[15.282s] Level 1:colcon.colcon_core.environment:checking '/home/ubuntu/ros2_ws/install/robot_control_architecture_pkg/bin'
[15.283s] Level 1:colcon.colcon_core.environment:create_environment_scripts_only(robot_control_architecture_pkg)
[15.289s] INFO:colcon.colcon_core.shell:Creating package script '/home/ubuntu/ros2_ws/install/robot_control_architecture_pkg/share/robot_control_architecture_pkg/package.ps1'
[15.292s] INFO:colcon.colcon_core.shell:Creating package descriptor '/home/ubuntu/ros2_ws/install/robot_control_architecture_pkg/share/robot_control_architecture_pkg/package.dsv'
[15.294s] INFO:colcon.colcon_core.shell:Creating package script '/home/ubuntu/ros2_ws/install/robot_control_architecture_pkg/share/robot_control_architecture_pkg/package.sh'
[15.296s] INFO:colcon.colcon_core.shell:Creating package script '/home/ubuntu/ros2_ws/install/robot_control_architecture_pkg/share/robot_control_architecture_pkg/package.bash'
[15.300s] INFO:colcon.colcon_core.shell:Creating package script '/home/ubuntu/ros2_ws/install/robot_control_architecture_pkg/share/robot_control_architecture_pkg/package.zsh'
[15.305s] Level 1:colcon.colcon_core.environment:create_file_with_runtime_dependencies(/home/ubuntu/ros2_ws/install/robot_control_architecture_pkg/share/colcon-core/packages/robot_control_architecture_pkg)
[15.310s] DEBUG:colcon.colcon_parallel_executor.executor.parallel:closing loop
[15.311s] DEBUG:colcon.colcon_parallel_executor.executor.parallel:loop closed
[15.311s] DEBUG:colcon.colcon_parallel_executor.executor.parallel:run_until_complete finished with '0'
[15.312s] DEBUG:colcon.colcon_core.event_reactor:joining thread
[15.350s] INFO:colcon.colcon_core.plugin_system:Skipping extension 'colcon_notification.desktop_notification.notify_send': Could not find 'notify-send'
[15.351s] INFO:colcon.colcon_core.plugin_system:Skipping extension 'colcon_notification.desktop_notification.terminal_notifier': Not used on non-Darwin systems
[15.352s] INFO:colcon.colcon_core.plugin_system:Skipping extension 'colcon_notification.desktop_notification.win32': Not used on non-Windows systems
[15.353s] INFO:colcon.colcon_notification.desktop_notification:Sending desktop notification using 'notify2'
[15.359s] DEBUG:colcon.colcon_notification.desktop_notification.notify2:Failed to initialize notify2: org.freedesktop.DBus.Error.ServiceUnknown: The name org.freedesktop.Notifications was not provided by any .service files
[15.359s] DEBUG:colcon.colcon_core.event_reactor:joined thread
[15.371s] INFO:colcon.colcon_core.shell:Creating prefix script '/home/ubuntu/ros2_ws/install/local_setup.ps1'
[15.378s] INFO:colcon.colcon_core.shell:Creating prefix util module '/home/ubuntu/ros2_ws/install/_local_setup_util_ps1.py'
[15.385s] INFO:colcon.colcon_core.shell:Creating prefix chain script '/home/ubuntu/ros2_ws/install/setup.ps1'
[15.398s] INFO:colcon.colcon_core.shell:Creating prefix script '/home/ubuntu/ros2_ws/install/local_setup.sh'
[15.407s] INFO:colcon.colcon_core.shell:Creating prefix util module '/home/ubuntu/ros2_ws/install/_local_setup_util_sh.py'
[15.412s] INFO:colcon.colcon_core.shell:Creating prefix chain script '/home/ubuntu/ros2_ws/install/setup.sh'
[15.424s] INFO:colcon.colcon_core.shell:Creating prefix script '/home/ubuntu/ros2_ws/install/local_setup.bash'
[15.429s] INFO:colcon.colcon_core.shell:Creating prefix chain script '/home/ubuntu/ros2_ws/install/setup.bash'
[15.441s] INFO:colcon.colcon_core.shell:Creating prefix script '/home/ubuntu/ros2_ws/install/local_setup.zsh'
[15.449s] INFO:colcon.colcon_core.shell:Creating prefix chain script '/home/ubuntu/ros2_ws/install/setup.zsh'
