running egg_info
writing ../../build/control_architecture_pkg/control_architecture_pkg.egg-info/PKG-INFO
writing dependency_links to ../../build/control_architecture_pkg/control_architecture_pkg.egg-info/dependency_links.txt
writing entry points to ../../build/control_architecture_pkg/control_architecture_pkg.egg-info/entry_points.txt
writing requirements to ../../build/control_architecture_pkg/control_architecture_pkg.egg-info/requires.txt
writing top-level names to ../../build/control_architecture_pkg/control_architecture_pkg.egg-info/top_level.txt
reading manifest file '../../build/control_architecture_pkg/control_architecture_pkg.egg-info/SOURCES.txt'
adding license file 'LICENSE'
writing manifest file '../../build/control_architecture_pkg/control_architecture_pkg.egg-info/SOURCES.txt'
running build
running build_py
running install
running install_lib
running install_data
running install_egg_info
removing '/home/ubuntu/ros2_ws/install/control_architecture_pkg/lib/python3.10/site-packages/control_architecture_pkg-0.0.0-py3.10.egg-info' (and everything under it)
Copying ../../build/control_architecture_pkg/control_architecture_pkg.egg-info to /home/ubuntu/ros2_ws/install/control_architecture_pkg/lib/python3.10/site-packages/control_architecture_pkg-0.0.0-py3.10.egg-info
running install_scripts
Installing robot_control_architecture_node script to /home/ubuntu/ros2_ws/install/control_architecture_pkg/lib/control_architecture_pkg
writing list of installed files to '/home/ubuntu/ros2_ws/build/control_architecture_pkg/install.log'
