[7.232s] Invoking command in '/home/ubuntu/ros2_ws/src/control_architecture_pkg': PYTHONPATH=/home/ubuntu/ros2_ws/build/control_architecture_pkg/prefix_override:/home/ubuntu/ros2_ws/install/control_architecture_pkg/lib/python3.10/site-packages:${PYTHONPATH} /usr/bin/python3 setup.py egg_info --egg-base ../../build/control_architecture_pkg build --build-base /home/ubuntu/ros2_ws/build/control_architecture_pkg/build install --record /home/ubuntu/ros2_ws/build/control_architecture_pkg/install.log --single-version-externally-managed
[9.446s] running egg_info
[9.448s] writing ../../build/control_architecture_pkg/control_architecture_pkg.egg-info/PKG-INFO
[9.449s] writing dependency_links to ../../build/control_architecture_pkg/control_architecture_pkg.egg-info/dependency_links.txt
[9.450s] writing entry points to ../../build/control_architecture_pkg/control_architecture_pkg.egg-info/entry_points.txt
[9.451s] writing requirements to ../../build/control_architecture_pkg/control_architecture_pkg.egg-info/requires.txt
[9.452s] writing top-level names to ../../build/control_architecture_pkg/control_architecture_pkg.egg-info/top_level.txt
[9.468s] reading manifest file '../../build/control_architecture_pkg/control_architecture_pkg.egg-info/SOURCES.txt'
[9.470s] adding license file 'LICENSE'
[9.473s] writing manifest file '../../build/control_architecture_pkg/control_architecture_pkg.egg-info/SOURCES.txt'
[9.474s] running build
[9.474s] running build_py
[9.477s] running install
[9.480s] running install_lib
[9.491s] running install_data
[9.495s] running install_egg_info
[9.510s] removing '/home/ubuntu/ros2_ws/install/control_architecture_pkg/lib/python3.10/site-packages/control_architecture_pkg-0.0.0-py3.10.egg-info' (and everything under it)
[9.513s] Copying ../../build/control_architecture_pkg/control_architecture_pkg.egg-info to /home/ubuntu/ros2_ws/install/control_architecture_pkg/lib/python3.10/site-packages/control_architecture_pkg-0.0.0-py3.10.egg-info
[9.522s] running install_scripts
[9.637s] Installing robot_control_architecture_node script to /home/ubuntu/ros2_ws/install/control_architecture_pkg/lib/control_architecture_pkg
[9.640s] writing list of installed files to '/home/ubuntu/ros2_ws/build/control_architecture_pkg/install.log'
[9.902s] Invoked command in '/home/ubuntu/ros2_ws/src/control_architecture_pkg' returned '0': PYTHONPATH=/home/ubuntu/ros2_ws/build/control_architecture_pkg/prefix_override:/home/ubuntu/ros2_ws/install/control_architecture_pkg/lib/python3.10/site-packages:${PYTHONPATH} /usr/bin/python3 setup.py egg_info --egg-base ../../build/control_architecture_pkg build --build-base /home/ubuntu/ros2_ws/build/control_architecture_pkg/build install --record /home/ubuntu/ros2_ws/build/control_architecture_pkg/install.log --single-version-externally-managed
