[0.591s] DEBUG:colcon:Command line arguments: ['/usr/bin/colcon', 'build', '--symlink-install']
[0.592s] DEBUG:colcon:Parsed command line arguments: Namespace(log_base=None, log_level=None, verb_name='build', build_base='build', install_base='install', merge_install=False, symlink_install=True, test_result_base=None, continue_on_error=False, executor='parallel', parallel_workers=4, event_handlers=None, ignore_user_meta=False, metas=['./colcon.meta'], base_paths=['.'], packages_ignore=None, packages_ignore_regex=None, paths=None, packages_up_to=None, packages_up_to_regex=None, packages_above=None, packages_above_and_dependencies=None, packages_above_depth=None, packages_select_by_dep=None, packages_skip_by_dep=None, packages_skip_up_to=None, packages_select_build_failed=False, packages_skip_build_finished=False, packages_select_test_failures=False, packages_skip_test_passed=False, packages_select=None, packages_skip=None, packages_select_regex=None, packages_skip_regex=None, packages_start=None, packages_end=None, allow_overriding=[], cmake_args=None, cmake_target=None, cmake_target_skip_unavailable=False, cmake_clean_cache=False, cmake_clean_first=False, cmake_force_configure=False, ament_cmake_args=None, catkin_cmake_args=None, catkin_skip_building_tests=False, mixin_files=None, mixin=None, verb_parser=<colcon_mixin.mixin.mixin_argument.MixinArgumentDecorator object at 0xffffb9e95330>, verb_extension=<colcon_core.verb.build.BuildVerb object at 0xffffba05da80>, main=<bound method BuildVerb.main of <colcon_core.verb.build.BuildVerb object at 0xffffba05da80>>, mixin_verb=('build',))
[1.657s] Level 1:colcon.colcon_core.package_discovery:discover_packages(colcon_meta) check parameters
[1.658s] Level 1:colcon.colcon_core.package_discovery:discover_packages(recursive) check parameters
[1.658s] Level 1:colcon.colcon_core.package_discovery:discover_packages(ignore) check parameters
[1.658s] Level 1:colcon.colcon_core.package_discovery:discover_packages(path) check parameters
[1.659s] Level 1:colcon.colcon_core.package_discovery:discover_packages(colcon_meta) discover
[1.659s] Level 1:colcon.colcon_core.package_discovery:discover_packages(recursive) discover
[1.659s] INFO:colcon.colcon_core.package_discovery:Crawling recursively for packages in '/home/ubuntu/hri-project/ros2_ws'
[1.660s] Level 1:colcon.colcon_core.package_identification:_identify(.) by extensions ['ignore', 'ignore_ament_install']
[1.660s] Level 1:colcon.colcon_core.package_identification:_identify(.) by extension 'ignore'
[1.660s] Level 1:colcon.colcon_core.package_identification:_identify(.) by extension 'ignore_ament_install'
[1.661s] Level 1:colcon.colcon_core.package_identification:_identify(.) by extensions ['colcon_pkg']
[1.661s] Level 1:colcon.colcon_core.package_identification:_identify(.) by extension 'colcon_pkg'
[1.661s] Level 1:colcon.colcon_core.package_identification:_identify(.) by extensions ['colcon_meta']
[1.661s] Level 1:colcon.colcon_core.package_identification:_identify(.) by extension 'colcon_meta'
[1.661s] Level 1:colcon.colcon_core.package_identification:_identify(.) by extensions ['ros']
[1.662s] Level 1:colcon.colcon_core.package_identification:_identify(.) by extension 'ros'
[1.718s] Level 1:colcon.colcon_core.package_identification:_identify(.) by extensions ['cmake', 'python']
[1.719s] Level 1:colcon.colcon_core.package_identification:_identify(.) by extension 'cmake'
[1.720s] Level 1:colcon.colcon_core.package_identification:_identify(.) by extension 'python'
[1.721s] Level 1:colcon.colcon_core.package_identification:_identify(.) by extensions ['python_setup_py']
[1.722s] Level 1:colcon.colcon_core.package_identification:_identify(.) by extension 'python_setup_py'
[1.723s] Level 1:colcon.colcon_core.package_identification:_identify(build) by extensions ['ignore', 'ignore_ament_install']
[1.724s] Level 1:colcon.colcon_core.package_identification:_identify(build) by extension 'ignore'
[1.725s] Level 1:colcon.colcon_core.package_identification:_identify(build) ignored
[1.726s] Level 1:colcon.colcon_core.package_identification:_identify(install) by extensions ['ignore', 'ignore_ament_install']
[1.727s] Level 1:colcon.colcon_core.package_identification:_identify(install) by extension 'ignore'
[1.727s] Level 1:colcon.colcon_core.package_identification:_identify(install) ignored
[1.728s] Level 1:colcon.colcon_core.package_identification:_identify(log) by extensions ['ignore', 'ignore_ament_install']
[1.729s] Level 1:colcon.colcon_core.package_identification:_identify(log) by extension 'ignore'
[1.729s] Level 1:colcon.colcon_core.package_identification:_identify(log) ignored
[1.730s] Level 1:colcon.colcon_core.package_identification:_identify(src) by extensions ['ignore', 'ignore_ament_install']
[1.731s] Level 1:colcon.colcon_core.package_identification:_identify(src) by extension 'ignore'
[1.731s] Level 1:colcon.colcon_core.package_identification:_identify(src) by extension 'ignore_ament_install'
[1.732s] Level 1:colcon.colcon_core.package_identification:_identify(src) by extensions ['colcon_pkg']
[1.732s] Level 1:colcon.colcon_core.package_identification:_identify(src) by extension 'colcon_pkg'
[1.733s] Level 1:colcon.colcon_core.package_identification:_identify(src) by extensions ['colcon_meta']
[1.733s] Level 1:colcon.colcon_core.package_identification:_identify(src) by extension 'colcon_meta'
[1.734s] Level 1:colcon.colcon_core.package_identification:_identify(src) by extensions ['ros']
[1.734s] Level 1:colcon.colcon_core.package_identification:_identify(src) by extension 'ros'
[1.735s] Level 1:colcon.colcon_core.package_identification:_identify(src) by extensions ['cmake', 'python']
[1.735s] Level 1:colcon.colcon_core.package_identification:_identify(src) by extension 'cmake'
[1.735s] Level 1:colcon.colcon_core.package_identification:_identify(src) by extension 'python'
[1.736s] Level 1:colcon.colcon_core.package_identification:_identify(src) by extensions ['python_setup_py']
[1.736s] Level 1:colcon.colcon_core.package_identification:_identify(src) by extension 'python_setup_py'
[1.737s] Level 1:colcon.colcon_core.package_identification:_identify(src/robot_control_architecture_pkg) by extensions ['ignore', 'ignore_ament_install']
[1.738s] Level 1:colcon.colcon_core.package_identification:_identify(src/robot_control_architecture_pkg) by extension 'ignore'
[1.738s] Level 1:colcon.colcon_core.package_identification:_identify(src/robot_control_architecture_pkg) by extension 'ignore_ament_install'
[1.739s] Level 1:colcon.colcon_core.package_identification:_identify(src/robot_control_architecture_pkg) by extensions ['colcon_pkg']
[1.739s] Level 1:colcon.colcon_core.package_identification:_identify(src/robot_control_architecture_pkg) by extension 'colcon_pkg'
[1.740s] Level 1:colcon.colcon_core.package_identification:_identify(src/robot_control_architecture_pkg) by extensions ['colcon_meta']
[1.741s] Level 1:colcon.colcon_core.package_identification:_identify(src/robot_control_architecture_pkg) by extension 'colcon_meta'
[1.741s] Level 1:colcon.colcon_core.package_identification:_identify(src/robot_control_architecture_pkg) by extensions ['ros']
[1.742s] Level 1:colcon.colcon_core.package_identification:_identify(src/robot_control_architecture_pkg) by extension 'ros'
[1.752s] DEBUG:colcon.colcon_core.package_identification:Package 'src/robot_control_architecture_pkg' with type 'ros.ament_python' and name 'robot_control_architecture_pkg'
[1.752s] Level 1:colcon.colcon_core.package_discovery:discover_packages(recursive) using defaults
[1.753s] Level 1:colcon.colcon_core.package_discovery:discover_packages(ignore) discover
[1.753s] Level 1:colcon.colcon_core.package_discovery:discover_packages(ignore) using defaults
[1.754s] Level 1:colcon.colcon_core.package_discovery:discover_packages(path) discover
[1.754s] Level 1:colcon.colcon_core.package_discovery:discover_packages(path) using defaults
[1.917s] Level 1:colcon.colcon_core.package_discovery:discover_packages(prefix_path) check parameters
[1.917s] Level 1:colcon.colcon_core.package_discovery:discover_packages(prefix_path) discover
[1.933s] DEBUG:colcon.colcon_installed_package_information.package_discovery:Found 2 installed packages in /home/ubuntu/hri-project/ros2_ws/install
[1.945s] DEBUG:colcon.colcon_installed_package_information.package_discovery:Found 333 installed packages in /opt/ros/humble
[1.953s] Level 1:colcon.colcon_core.package_discovery:discover_packages(prefix_path) using defaults
[2.212s] Level 5:colcon.colcon_core.verb:set package 'robot_control_architecture_pkg' build argument 'cmake_args' from command line to 'None'
[2.212s] Level 5:colcon.colcon_core.verb:set package 'robot_control_architecture_pkg' build argument 'cmake_target' from command line to 'None'
[2.213s] Level 5:colcon.colcon_core.verb:set package 'robot_control_architecture_pkg' build argument 'cmake_target_skip_unavailable' from command line to 'False'
[2.213s] Level 5:colcon.colcon_core.verb:set package 'robot_control_architecture_pkg' build argument 'cmake_clean_cache' from command line to 'False'
[2.213s] Level 5:colcon.colcon_core.verb:set package 'robot_control_architecture_pkg' build argument 'cmake_clean_first' from command line to 'False'
[2.213s] Level 5:colcon.colcon_core.verb:set package 'robot_control_architecture_pkg' build argument 'cmake_force_configure' from command line to 'False'
[2.213s] Level 5:colcon.colcon_core.verb:set package 'robot_control_architecture_pkg' build argument 'ament_cmake_args' from command line to 'None'
[2.213s] Level 5:colcon.colcon_core.verb:set package 'robot_control_architecture_pkg' build argument 'catkin_cmake_args' from command line to 'None'
[2.213s] Level 5:colcon.colcon_core.verb:set package 'robot_control_architecture_pkg' build argument 'catkin_skip_building_tests' from command line to 'False'
[2.213s] DEBUG:colcon.colcon_core.verb:Building package 'robot_control_architecture_pkg' with the following arguments: {'ament_cmake_args': None, 'build_base': '/home/ubuntu/hri-project/ros2_ws/build/robot_control_architecture_pkg', 'catkin_cmake_args': None, 'catkin_skip_building_tests': False, 'cmake_args': None, 'cmake_clean_cache': False, 'cmake_clean_first': False, 'cmake_force_configure': False, 'cmake_target': None, 'cmake_target_skip_unavailable': False, 'install_base': '/home/ubuntu/hri-project/ros2_ws/install/robot_control_architecture_pkg', 'merge_install': False, 'path': '/home/ubuntu/hri-project/ros2_ws/src/robot_control_architecture_pkg', 'symlink_install': True, 'test_result_base': None}
[2.214s] INFO:colcon.colcon_core.executor:Executing jobs using 'parallel' executor
[2.218s] DEBUG:colcon.colcon_parallel_executor.executor.parallel:run_until_complete
[2.219s] INFO:colcon.colcon_ros.task.ament_python.build:Building ROS package in '/home/ubuntu/hri-project/ros2_ws/src/robot_control_architecture_pkg' with build type 'ament_python'
[2.220s] Level 1:colcon.colcon_core.shell:create_environment_hook('robot_control_architecture_pkg', 'ament_prefix_path')
[2.236s] INFO:colcon.colcon_core.plugin_system:Skipping extension 'colcon_core.shell.bat': Not used on non-Windows systems
[2.237s] INFO:colcon.colcon_core.shell:Creating environment hook '/home/ubuntu/hri-project/ros2_ws/install/robot_control_architecture_pkg/share/robot_control_architecture_pkg/hook/ament_prefix_path.ps1'
[2.240s] INFO:colcon.colcon_core.shell:Creating environment descriptor '/home/ubuntu/hri-project/ros2_ws/install/robot_control_architecture_pkg/share/robot_control_architecture_pkg/hook/ament_prefix_path.dsv'
[2.244s] INFO:colcon.colcon_core.shell:Creating environment hook '/home/ubuntu/hri-project/ros2_ws/install/robot_control_architecture_pkg/share/robot_control_architecture_pkg/hook/ament_prefix_path.sh'
[2.249s] INFO:colcon.colcon_core.shell:Skip shell extension 'powershell' for command environment: Not usable outside of PowerShell
[2.249s] DEBUG:colcon.colcon_core.shell:Skip shell extension 'dsv' for command environment
[3.844s] INFO:colcon.colcon_core.task.python.build:Building Python package in '/home/ubuntu/hri-project/ros2_ws/src/robot_control_architecture_pkg'
[3.845s] INFO:colcon.colcon_core.shell:Skip shell extension 'powershell' for command environment: Not usable outside of PowerShell
[3.845s] DEBUG:colcon.colcon_core.shell:Skip shell extension 'dsv' for command environment
[6.013s] DEBUG:colcon.colcon_core.event_handler.log_command:Invoking command in '/home/ubuntu/hri-project/ros2_ws/build/robot_control_architecture_pkg': PYTHONPATH=/home/ubuntu/hri-project/ros2_ws/build/robot_control_architecture_pkg/prefix_override:/usr/lib/python3/dist-packages/colcon_core/task/python/colcon_distutils_commands:/home/ubuntu/hri-project/ros2_ws/install/robot_control_architecture_pkg/lib/python3.10/site-packages:${PYTHONPATH} /usr/bin/python3 -W ignore:setup.py install is deprecated setup.py develop --editable --build-directory /home/ubuntu/hri-project/ros2_ws/build/robot_control_architecture_pkg/build --no-deps symlink_data
[9.174s] Level 1:colcon.colcon_core.shell:create_environment_hook('robot_control_architecture_pkg', 'pythonpath_develop')
[9.176s] INFO:colcon.colcon_core.shell:Creating environment hook '/home/ubuntu/hri-project/ros2_ws/build/robot_control_architecture_pkg/share/robot_control_architecture_pkg/hook/pythonpath_develop.ps1'
[9.179s] DEBUG:colcon.colcon_core.event_handler.log_command:Invoked command in '/home/ubuntu/hri-project/ros2_ws/build/robot_control_architecture_pkg' returned '0': PYTHONPATH=/home/ubuntu/hri-project/ros2_ws/build/robot_control_architecture_pkg/prefix_override:/usr/lib/python3/dist-packages/colcon_core/task/python/colcon_distutils_commands:/home/ubuntu/hri-project/ros2_ws/install/robot_control_architecture_pkg/lib/python3.10/site-packages:${PYTHONPATH} /usr/bin/python3 -W ignore:setup.py install is deprecated setup.py develop --editable --build-directory /home/ubuntu/hri-project/ros2_ws/build/robot_control_architecture_pkg/build --no-deps symlink_data
[9.181s] INFO:colcon.colcon_core.shell:Creating environment descriptor '/home/ubuntu/hri-project/ros2_ws/build/robot_control_architecture_pkg/share/robot_control_architecture_pkg/hook/pythonpath_develop.dsv'
[9.184s] INFO:colcon.colcon_core.shell:Creating environment hook '/home/ubuntu/hri-project/ros2_ws/build/robot_control_architecture_pkg/share/robot_control_architecture_pkg/hook/pythonpath_develop.sh'
[9.206s] Level 1:colcon.colcon_core.environment:checking '/home/ubuntu/hri-project/ros2_ws/install/robot_control_architecture_pkg' for CMake module files
[9.209s] Level 1:colcon.colcon_core.environment:checking '/home/ubuntu/hri-project/ros2_ws/install/robot_control_architecture_pkg' for CMake config files
[9.213s] Level 1:colcon.colcon_core.environment:checking '/home/ubuntu/hri-project/ros2_ws/install/robot_control_architecture_pkg/lib'
[9.214s] Level 1:colcon.colcon_core.environment:checking '/home/ubuntu/hri-project/ros2_ws/install/robot_control_architecture_pkg/bin'
[9.214s] Level 1:colcon.colcon_core.environment:checking '/home/ubuntu/hri-project/ros2_ws/install/robot_control_architecture_pkg/lib/pkgconfig/robot_control_architecture_pkg.pc'
[9.215s] Level 1:colcon.colcon_core.environment:checking '/home/ubuntu/hri-project/ros2_ws/install/robot_control_architecture_pkg/lib/python3.10/site-packages'
[9.215s] Level 1:colcon.colcon_core.shell:create_environment_hook('robot_control_architecture_pkg', 'pythonpath')
[9.217s] INFO:colcon.colcon_core.shell:Creating environment hook '/home/ubuntu/hri-project/ros2_ws/install/robot_control_architecture_pkg/share/robot_control_architecture_pkg/hook/pythonpath.ps1'
[9.219s] INFO:colcon.colcon_core.shell:Creating environment descriptor '/home/ubuntu/hri-project/ros2_ws/install/robot_control_architecture_pkg/share/robot_control_architecture_pkg/hook/pythonpath.dsv'
[9.223s] INFO:colcon.colcon_core.shell:Creating environment hook '/home/ubuntu/hri-project/ros2_ws/install/robot_control_architecture_pkg/share/robot_control_architecture_pkg/hook/pythonpath.sh'
[9.227s] Level 1:colcon.colcon_core.environment:checking '/home/ubuntu/hri-project/ros2_ws/install/robot_control_architecture_pkg/bin'
[9.227s] Level 1:colcon.colcon_core.environment:create_environment_scripts_only(robot_control_architecture_pkg)
[9.229s] INFO:colcon.colcon_core.shell:Creating package script '/home/ubuntu/hri-project/ros2_ws/install/robot_control_architecture_pkg/share/robot_control_architecture_pkg/package.ps1'
[9.233s] INFO:colcon.colcon_core.shell:Creating package descriptor '/home/ubuntu/hri-project/ros2_ws/install/robot_control_architecture_pkg/share/robot_control_architecture_pkg/package.dsv'
[9.237s] INFO:colcon.colcon_core.shell:Creating package script '/home/ubuntu/hri-project/ros2_ws/install/robot_control_architecture_pkg/share/robot_control_architecture_pkg/package.sh'
[9.241s] INFO:colcon.colcon_core.shell:Creating package script '/home/ubuntu/hri-project/ros2_ws/install/robot_control_architecture_pkg/share/robot_control_architecture_pkg/package.bash'
[9.244s] INFO:colcon.colcon_core.shell:Creating package script '/home/ubuntu/hri-project/ros2_ws/install/robot_control_architecture_pkg/share/robot_control_architecture_pkg/package.zsh'
[9.249s] Level 1:colcon.colcon_core.environment:create_file_with_runtime_dependencies(/home/ubuntu/hri-project/ros2_ws/install/robot_control_architecture_pkg/share/colcon-core/packages/robot_control_architecture_pkg)
[9.252s] DEBUG:colcon.colcon_parallel_executor.executor.parallel:closing loop
[9.257s] DEBUG:colcon.colcon_parallel_executor.executor.parallel:loop closed
[9.257s] DEBUG:colcon.colcon_parallel_executor.executor.parallel:run_until_complete finished with '0'
[9.258s] DEBUG:colcon.colcon_core.event_reactor:joining thread
[9.294s] INFO:colcon.colcon_core.plugin_system:Skipping extension 'colcon_notification.desktop_notification.notify_send': Could not find 'notify-send'
[9.294s] INFO:colcon.colcon_core.plugin_system:Skipping extension 'colcon_notification.desktop_notification.terminal_notifier': Not used on non-Darwin systems
[9.295s] INFO:colcon.colcon_core.plugin_system:Skipping extension 'colcon_notification.desktop_notification.win32': Not used on non-Windows systems
[9.295s] INFO:colcon.colcon_notification.desktop_notification:Sending desktop notification using 'notify2'
[9.299s] DEBUG:colcon.colcon_notification.desktop_notification.notify2:Failed to initialize notify2: org.freedesktop.DBus.Error.ServiceUnknown: The name org.freedesktop.Notifications was not provided by any .service files
[9.300s] DEBUG:colcon.colcon_core.event_reactor:joined thread
[9.301s] INFO:colcon.colcon_core.shell:Creating prefix script '/home/ubuntu/hri-project/ros2_ws/install/local_setup.ps1'
[9.305s] INFO:colcon.colcon_core.shell:Creating prefix util module '/home/ubuntu/hri-project/ros2_ws/install/_local_setup_util_ps1.py'
[9.312s] INFO:colcon.colcon_core.shell:Creating prefix chain script '/home/ubuntu/hri-project/ros2_ws/install/setup.ps1'
[9.321s] INFO:colcon.colcon_core.shell:Creating prefix script '/home/ubuntu/hri-project/ros2_ws/install/local_setup.sh'
[9.325s] INFO:colcon.colcon_core.shell:Creating prefix util module '/home/ubuntu/hri-project/ros2_ws/install/_local_setup_util_sh.py'
[9.330s] INFO:colcon.colcon_core.shell:Creating prefix chain script '/home/ubuntu/hri-project/ros2_ws/install/setup.sh'
[9.335s] INFO:colcon.colcon_core.shell:Creating prefix script '/home/ubuntu/hri-project/ros2_ws/install/local_setup.bash'
[9.338s] INFO:colcon.colcon_core.shell:Creating prefix chain script '/home/ubuntu/hri-project/ros2_ws/install/setup.bash'
[9.343s] INFO:colcon.colcon_core.shell:Creating prefix script '/home/ubuntu/hri-project/ros2_ws/install/local_setup.zsh'
[9.346s] INFO:colcon.colcon_core.shell:Creating prefix chain script '/home/ubuntu/hri-project/ros2_ws/install/setup.zsh'
