[2.727s] DEBUG:colcon:Command line arguments: ['/usr/bin/colcon', 'build']
[2.728s] DEBUG:colcon:Parsed command line arguments: Namespace(log_base=None, log_level=None, verb_name='build', build_base='build', install_base='install', merge_install=False, symlink_install=False, test_result_base=None, continue_on_error=False, executor='parallel', parallel_workers=4, event_handlers=None, ignore_user_meta=False, metas=['./colcon.meta'], base_paths=['.'], packages_ignore=None, packages_ignore_regex=None, paths=None, packages_up_to=None, packages_up_to_regex=None, packages_above=None, packages_above_and_dependencies=None, packages_above_depth=None, packages_select_by_dep=None, packages_skip_by_dep=None, packages_skip_up_to=None, packages_select_build_failed=False, packages_skip_build_finished=False, packages_select_test_failures=False, packages_skip_test_passed=False, packages_select=None, packages_skip=None, packages_select_regex=None, packages_skip_regex=None, packages_start=None, packages_end=None, allow_overriding=[], cmake_args=None, cmake_target=None, cmake_target_skip_unavailable=False, cmake_clean_cache=False, cmake_clean_first=False, cmake_force_configure=False, ament_cmake_args=None, catkin_cmake_args=None, catkin_skip_building_tests=False, verb_parser=<colcon_defaults.argument_parser.defaults.DefaultArgumentsDecorator object at 0xffffa457f3d0>, verb_extension=<colcon_core.verb.build.BuildVerb object at 0xffffa457ee60>, main=<bound method BuildVerb.main of <colcon_core.verb.build.BuildVerb object at 0xffffa457ee60>>)
[2.913s] Level 1:colcon.colcon_core.package_discovery:discover_packages(colcon_meta) check parameters
[2.914s] Level 1:colcon.colcon_core.package_discovery:discover_packages(recursive) check parameters
[2.914s] Level 1:colcon.colcon_core.package_discovery:discover_packages(ignore) check parameters
[2.914s] Level 1:colcon.colcon_core.package_discovery:discover_packages(path) check parameters
[2.914s] Level 1:colcon.colcon_core.package_discovery:discover_packages(colcon_meta) discover
[2.915s] Level 1:colcon.colcon_core.package_discovery:discover_packages(recursive) discover
[2.915s] INFO:colcon.colcon_core.package_discovery:Crawling recursively for packages in '/home/ubuntu/ros2_ws'
[2.916s] Level 1:colcon.colcon_core.package_identification:_identify(.) by extensions ['ignore', 'ignore_ament_install']
[2.916s] Level 1:colcon.colcon_core.package_identification:_identify(.) by extension 'ignore'
[2.916s] Level 1:colcon.colcon_core.package_identification:_identify(.) by extension 'ignore_ament_install'
[2.916s] Level 1:colcon.colcon_core.package_identification:_identify(.) by extensions ['colcon_pkg']
[2.917s] Level 1:colcon.colcon_core.package_identification:_identify(.) by extension 'colcon_pkg'
[2.917s] Level 1:colcon.colcon_core.package_identification:_identify(.) by extensions ['colcon_meta']
[2.917s] Level 1:colcon.colcon_core.package_identification:_identify(.) by extension 'colcon_meta'
[2.917s] Level 1:colcon.colcon_core.package_identification:_identify(.) by extensions ['ros']
[2.917s] Level 1:colcon.colcon_core.package_identification:_identify(.) by extension 'ros'
[2.991s] Level 1:colcon.colcon_core.package_identification:_identify(.) by extensions ['cmake', 'python']
[2.992s] Level 1:colcon.colcon_core.package_identification:_identify(.) by extension 'cmake'
[2.993s] Level 1:colcon.colcon_core.package_identification:_identify(.) by extension 'python'
[2.993s] Level 1:colcon.colcon_core.package_identification:_identify(.) by extensions ['python_setup_py']
[2.994s] Level 1:colcon.colcon_core.package_identification:_identify(.) by extension 'python_setup_py'
[2.998s] Level 1:colcon.colcon_core.package_identification:_identify(build) by extensions ['ignore', 'ignore_ament_install']
[2.999s] Level 1:colcon.colcon_core.package_identification:_identify(build) by extension 'ignore'
[3.000s] Level 1:colcon.colcon_core.package_identification:_identify(build) ignored
[3.002s] Level 1:colcon.colcon_core.package_identification:_identify(install) by extensions ['ignore', 'ignore_ament_install']
[3.003s] Level 1:colcon.colcon_core.package_identification:_identify(install) by extension 'ignore'
[3.004s] Level 1:colcon.colcon_core.package_identification:_identify(install) ignored
[3.005s] Level 1:colcon.colcon_core.package_identification:_identify(log) by extensions ['ignore', 'ignore_ament_install']
[3.006s] Level 1:colcon.colcon_core.package_identification:_identify(log) by extension 'ignore'
[3.006s] Level 1:colcon.colcon_core.package_identification:_identify(log) ignored
[3.007s] Level 1:colcon.colcon_core.package_identification:_identify(src) by extensions ['ignore', 'ignore_ament_install']
[3.007s] Level 1:colcon.colcon_core.package_identification:_identify(src) by extension 'ignore'
[3.008s] Level 1:colcon.colcon_core.package_identification:_identify(src) by extension 'ignore_ament_install'
[3.008s] Level 1:colcon.colcon_core.package_identification:_identify(src) by extensions ['colcon_pkg']
[3.008s] Level 1:colcon.colcon_core.package_identification:_identify(src) by extension 'colcon_pkg'
[3.008s] Level 1:colcon.colcon_core.package_identification:_identify(src) by extensions ['colcon_meta']
[3.009s] Level 1:colcon.colcon_core.package_identification:_identify(src) by extension 'colcon_meta'
[3.010s] Level 1:colcon.colcon_core.package_identification:_identify(src) by extensions ['ros']
[3.011s] Level 1:colcon.colcon_core.package_identification:_identify(src) by extension 'ros'
[3.011s] Level 1:colcon.colcon_core.package_identification:_identify(src) by extensions ['cmake', 'python']
[3.012s] Level 1:colcon.colcon_core.package_identification:_identify(src) by extension 'cmake'
[3.012s] Level 1:colcon.colcon_core.package_identification:_identify(src) by extension 'python'
[3.012s] Level 1:colcon.colcon_core.package_identification:_identify(src) by extensions ['python_setup_py']
[3.013s] Level 1:colcon.colcon_core.package_identification:_identify(src) by extension 'python_setup_py'
[3.014s] Level 1:colcon.colcon_core.package_identification:_identify(src/control_architecture_pkg) by extensions ['ignore', 'ignore_ament_install']
[3.014s] Level 1:colcon.colcon_core.package_identification:_identify(src/control_architecture_pkg) by extension 'ignore'
[3.015s] Level 1:colcon.colcon_core.package_identification:_identify(src/control_architecture_pkg) by extension 'ignore_ament_install'
[3.016s] Level 1:colcon.colcon_core.package_identification:_identify(src/control_architecture_pkg) by extensions ['colcon_pkg']
[3.017s] Level 1:colcon.colcon_core.package_identification:_identify(src/control_architecture_pkg) by extension 'colcon_pkg'
[3.017s] Level 1:colcon.colcon_core.package_identification:_identify(src/control_architecture_pkg) by extensions ['colcon_meta']
[3.018s] Level 1:colcon.colcon_core.package_identification:_identify(src/control_architecture_pkg) by extension 'colcon_meta'
[3.018s] Level 1:colcon.colcon_core.package_identification:_identify(src/control_architecture_pkg) by extensions ['ros']
[3.019s] Level 1:colcon.colcon_core.package_identification:_identify(src/control_architecture_pkg) by extension 'ros'
[3.039s] DEBUG:colcon.colcon_core.package_identification:Package 'src/control_architecture_pkg' with type 'ros.ament_python' and name 'control_architecture_pkg'
[3.040s] Level 1:colcon.colcon_core.package_identification:_identify(src/robot_control_architecture_pkg) by extensions ['ignore', 'ignore_ament_install']
[3.041s] Level 1:colcon.colcon_core.package_identification:_identify(src/robot_control_architecture_pkg) by extension 'ignore'
[3.041s] Level 1:colcon.colcon_core.package_identification:_identify(src/robot_control_architecture_pkg) by extension 'ignore_ament_install'
[3.042s] Level 1:colcon.colcon_core.package_identification:_identify(src/robot_control_architecture_pkg) by extensions ['colcon_pkg']
[3.043s] Level 1:colcon.colcon_core.package_identification:_identify(src/robot_control_architecture_pkg) by extension 'colcon_pkg'
[3.043s] Level 1:colcon.colcon_core.package_identification:_identify(src/robot_control_architecture_pkg) by extensions ['colcon_meta']
[3.044s] Level 1:colcon.colcon_core.package_identification:_identify(src/robot_control_architecture_pkg) by extension 'colcon_meta'
[3.045s] Level 1:colcon.colcon_core.package_identification:_identify(src/robot_control_architecture_pkg) by extensions ['ros']
[3.045s] Level 1:colcon.colcon_core.package_identification:_identify(src/robot_control_architecture_pkg) by extension 'ros'
[3.061s] DEBUG:colcon.colcon_core.package_identification:Package 'src/robot_control_architecture_pkg' with type 'ros.ament_python' and name 'robot_control_architecture_pkg'
[3.061s] Level 1:colcon.colcon_core.package_discovery:discover_packages(recursive) using defaults
[3.062s] Level 1:colcon.colcon_core.package_discovery:discover_packages(ignore) discover
[3.062s] Level 1:colcon.colcon_core.package_discovery:discover_packages(ignore) using defaults
[3.062s] Level 1:colcon.colcon_core.package_discovery:discover_packages(path) discover
[3.062s] Level 1:colcon.colcon_core.package_discovery:discover_packages(path) using defaults
[3.204s] Level 1:colcon.colcon_core.package_discovery:discover_packages(prefix_path) check parameters
[3.204s] Level 1:colcon.colcon_core.package_discovery:discover_packages(prefix_path) discover
[3.239s] DEBUG:colcon.colcon_installed_package_information.package_discovery:Found 325 installed packages in /opt/ros/humble
[3.257s] Level 1:colcon.colcon_core.package_discovery:discover_packages(prefix_path) using defaults
[3.814s] Level 5:colcon.colcon_core.verb:set package 'control_architecture_pkg' build argument 'cmake_args' from command line to 'None'
[3.815s] Level 5:colcon.colcon_core.verb:set package 'control_architecture_pkg' build argument 'cmake_target' from command line to 'None'
[3.815s] Level 5:colcon.colcon_core.verb:set package 'control_architecture_pkg' build argument 'cmake_target_skip_unavailable' from command line to 'False'
[3.815s] Level 5:colcon.colcon_core.verb:set package 'control_architecture_pkg' build argument 'cmake_clean_cache' from command line to 'False'
[3.815s] Level 5:colcon.colcon_core.verb:set package 'control_architecture_pkg' build argument 'cmake_clean_first' from command line to 'False'
[3.815s] Level 5:colcon.colcon_core.verb:set package 'control_architecture_pkg' build argument 'cmake_force_configure' from command line to 'False'
[3.815s] Level 5:colcon.colcon_core.verb:set package 'control_architecture_pkg' build argument 'ament_cmake_args' from command line to 'None'
[3.815s] Level 5:colcon.colcon_core.verb:set package 'control_architecture_pkg' build argument 'catkin_cmake_args' from command line to 'None'
[3.815s] Level 5:colcon.colcon_core.verb:set package 'control_architecture_pkg' build argument 'catkin_skip_building_tests' from command line to 'False'
[3.816s] DEBUG:colcon.colcon_core.verb:Building package 'control_architecture_pkg' with the following arguments: {'ament_cmake_args': None, 'build_base': '/home/ubuntu/ros2_ws/build/control_architecture_pkg', 'catkin_cmake_args': None, 'catkin_skip_building_tests': False, 'cmake_args': None, 'cmake_clean_cache': False, 'cmake_clean_first': False, 'cmake_force_configure': False, 'cmake_target': None, 'cmake_target_skip_unavailable': False, 'install_base': '/home/ubuntu/ros2_ws/install/control_architecture_pkg', 'merge_install': False, 'path': '/home/ubuntu/ros2_ws/src/control_architecture_pkg', 'symlink_install': False, 'test_result_base': None}
[3.821s] Level 5:colcon.colcon_core.verb:set package 'robot_control_architecture_pkg' build argument 'cmake_args' from command line to 'None'
[3.821s] Level 5:colcon.colcon_core.verb:set package 'robot_control_architecture_pkg' build argument 'cmake_target' from command line to 'None'
[3.821s] Level 5:colcon.colcon_core.verb:set package 'robot_control_architecture_pkg' build argument 'cmake_target_skip_unavailable' from command line to 'False'
[3.821s] Level 5:colcon.colcon_core.verb:set package 'robot_control_architecture_pkg' build argument 'cmake_clean_cache' from command line to 'False'
[3.822s] Level 5:colcon.colcon_core.verb:set package 'robot_control_architecture_pkg' build argument 'cmake_clean_first' from command line to 'False'
[3.822s] Level 5:colcon.colcon_core.verb:set package 'robot_control_architecture_pkg' build argument 'cmake_force_configure' from command line to 'False'
[3.822s] Level 5:colcon.colcon_core.verb:set package 'robot_control_architecture_pkg' build argument 'ament_cmake_args' from command line to 'None'
[3.822s] Level 5:colcon.colcon_core.verb:set package 'robot_control_architecture_pkg' build argument 'catkin_cmake_args' from command line to 'None'
[3.822s] Level 5:colcon.colcon_core.verb:set package 'robot_control_architecture_pkg' build argument 'catkin_skip_building_tests' from command line to 'False'
[3.822s] DEBUG:colcon.colcon_core.verb:Building package 'robot_control_architecture_pkg' with the following arguments: {'ament_cmake_args': None, 'build_base': '/home/ubuntu/ros2_ws/build/robot_control_architecture_pkg', 'catkin_cmake_args': None, 'catkin_skip_building_tests': False, 'cmake_args': None, 'cmake_clean_cache': False, 'cmake_clean_first': False, 'cmake_force_configure': False, 'cmake_target': None, 'cmake_target_skip_unavailable': False, 'install_base': '/home/ubuntu/ros2_ws/install/robot_control_architecture_pkg', 'merge_install': False, 'path': '/home/ubuntu/ros2_ws/src/robot_control_architecture_pkg', 'symlink_install': False, 'test_result_base': None}
[3.828s] INFO:colcon.colcon_core.executor:Executing jobs using 'parallel' executor
[3.855s] DEBUG:colcon.colcon_parallel_executor.executor.parallel:run_until_complete
[3.856s] INFO:colcon.colcon_ros.task.ament_python.build:Building ROS package in '/home/ubuntu/ros2_ws/src/control_architecture_pkg' with build type 'ament_python'
[3.857s] Level 1:colcon.colcon_core.shell:create_environment_hook('control_architecture_pkg', 'ament_prefix_path')
[3.887s] INFO:colcon.colcon_core.plugin_system:Skipping extension 'colcon_core.shell.bat': Not used on non-Windows systems
[3.888s] INFO:colcon.colcon_core.shell:Creating environment hook '/home/ubuntu/ros2_ws/install/control_architecture_pkg/share/control_architecture_pkg/hook/ament_prefix_path.ps1'
[3.896s] INFO:colcon.colcon_core.shell:Creating environment descriptor '/home/ubuntu/ros2_ws/install/control_architecture_pkg/share/control_architecture_pkg/hook/ament_prefix_path.dsv'
[3.898s] INFO:colcon.colcon_core.shell:Creating environment hook '/home/ubuntu/ros2_ws/install/control_architecture_pkg/share/control_architecture_pkg/hook/ament_prefix_path.sh'
[3.906s] INFO:colcon.colcon_core.shell:Skip shell extension 'powershell' for command environment: Not usable outside of PowerShell
[3.907s] DEBUG:colcon.colcon_core.shell:Skip shell extension 'dsv' for command environment
[3.940s] INFO:colcon.colcon_ros.task.ament_python.build:Building ROS package in '/home/ubuntu/ros2_ws/src/robot_control_architecture_pkg' with build type 'ament_python'
[3.942s] Level 1:colcon.colcon_core.shell:create_environment_hook('robot_control_architecture_pkg', 'ament_prefix_path')
[3.951s] INFO:colcon.colcon_core.shell:Creating environment hook '/home/ubuntu/ros2_ws/install/robot_control_architecture_pkg/share/robot_control_architecture_pkg/hook/ament_prefix_path.ps1'
[3.955s] INFO:colcon.colcon_core.shell:Creating environment descriptor '/home/ubuntu/ros2_ws/install/robot_control_architecture_pkg/share/robot_control_architecture_pkg/hook/ament_prefix_path.dsv'
[3.957s] INFO:colcon.colcon_core.shell:Creating environment hook '/home/ubuntu/ros2_ws/install/robot_control_architecture_pkg/share/robot_control_architecture_pkg/hook/ament_prefix_path.sh'
[3.964s] INFO:colcon.colcon_core.shell:Skip shell extension 'powershell' for command environment: Not usable outside of PowerShell
[3.964s] DEBUG:colcon.colcon_core.shell:Skip shell extension 'dsv' for command environment
[6.071s] INFO:colcon.colcon_core.task.python.build:Building Python package in '/home/ubuntu/ros2_ws/src/control_architecture_pkg'
[6.080s] INFO:colcon.colcon_core.shell:Skip shell extension 'powershell' for command environment: Not usable outside of PowerShell
[6.081s] DEBUG:colcon.colcon_core.shell:Skip shell extension 'dsv' for command environment
[8.254s] INFO:colcon.colcon_core.task.python.build:Building Python package in '/home/ubuntu/ros2_ws/src/robot_control_architecture_pkg'
[8.263s] INFO:colcon.colcon_core.shell:Skip shell extension 'powershell' for command environment: Not usable outside of PowerShell
[8.264s] DEBUG:colcon.colcon_core.shell:Skip shell extension 'dsv' for command environment
[11.090s] DEBUG:colcon.colcon_core.event_handler.log_command:Invoking command in '/home/ubuntu/ros2_ws/src/control_architecture_pkg': PYTHONPATH=/home/ubuntu/ros2_ws/build/control_architecture_pkg/prefix_override:/home/ubuntu/ros2_ws/install/control_architecture_pkg/lib/python3.10/site-packages:${PYTHONPATH} /usr/bin/python3 setup.py egg_info --egg-base ../../build/control_architecture_pkg build --build-base /home/ubuntu/ros2_ws/build/control_architecture_pkg/build install --record /home/ubuntu/ros2_ws/build/control_architecture_pkg/install.log --single-version-externally-managed
[11.566s] DEBUG:colcon.colcon_core.event_handler.log_command:Invoking command in '/home/ubuntu/ros2_ws/src/robot_control_architecture_pkg': PYTHONPATH=/home/ubuntu/ros2_ws/build/robot_control_architecture_pkg/prefix_override:/home/ubuntu/ros2_ws/install/robot_control_architecture_pkg/lib/python3.10/site-packages:${PYTHONPATH} /usr/bin/python3 setup.py egg_info --egg-base ../../build/robot_control_architecture_pkg build --build-base /home/ubuntu/ros2_ws/build/robot_control_architecture_pkg/build install --record /home/ubuntu/ros2_ws/build/robot_control_architecture_pkg/install.log --single-version-externally-managed
[13.760s] DEBUG:colcon.colcon_core.event_handler.log_command:Invoked command in '/home/ubuntu/ros2_ws/src/control_architecture_pkg' returned '0': PYTHONPATH=/home/ubuntu/ros2_ws/build/control_architecture_pkg/prefix_override:/home/ubuntu/ros2_ws/install/control_architecture_pkg/lib/python3.10/site-packages:${PYTHONPATH} /usr/bin/python3 setup.py egg_info --egg-base ../../build/control_architecture_pkg build --build-base /home/ubuntu/ros2_ws/build/control_architecture_pkg/build install --record /home/ubuntu/ros2_ws/build/control_architecture_pkg/install.log --single-version-externally-managed
[13.830s] Level 1:colcon.colcon_core.environment:checking '/home/ubuntu/ros2_ws/install/control_architecture_pkg' for CMake module files
[13.832s] Level 1:colcon.colcon_core.environment:checking '/home/ubuntu/ros2_ws/install/control_architecture_pkg' for CMake config files
[13.854s] Level 1:colcon.colcon_core.environment:checking '/home/ubuntu/ros2_ws/install/control_architecture_pkg/lib'
[13.858s] Level 1:colcon.colcon_core.environment:checking '/home/ubuntu/ros2_ws/install/control_architecture_pkg/bin'
[13.859s] Level 1:colcon.colcon_core.environment:checking '/home/ubuntu/ros2_ws/install/control_architecture_pkg/lib/pkgconfig/control_architecture_pkg.pc'
[13.861s] Level 1:colcon.colcon_core.environment:checking '/home/ubuntu/ros2_ws/install/control_architecture_pkg/lib/python3.10/site-packages'
[13.862s] Level 1:colcon.colcon_core.shell:create_environment_hook('control_architecture_pkg', 'pythonpath')
[13.879s] INFO:colcon.colcon_core.shell:Creating environment hook '/home/ubuntu/ros2_ws/install/control_architecture_pkg/share/control_architecture_pkg/hook/pythonpath.ps1'
[13.886s] INFO:colcon.colcon_core.shell:Creating environment descriptor '/home/ubuntu/ros2_ws/install/control_architecture_pkg/share/control_architecture_pkg/hook/pythonpath.dsv'
[13.896s] INFO:colcon.colcon_core.shell:Creating environment hook '/home/ubuntu/ros2_ws/install/control_architecture_pkg/share/control_architecture_pkg/hook/pythonpath.sh'
[13.902s] Level 1:colcon.colcon_core.environment:checking '/home/ubuntu/ros2_ws/install/control_architecture_pkg/bin'
[13.902s] Level 1:colcon.colcon_core.environment:create_environment_scripts_only(control_architecture_pkg)
[13.909s] INFO:colcon.colcon_core.shell:Creating package script '/home/ubuntu/ros2_ws/install/control_architecture_pkg/share/control_architecture_pkg/package.ps1'
[13.921s] INFO:colcon.colcon_core.shell:Creating package descriptor '/home/ubuntu/ros2_ws/install/control_architecture_pkg/share/control_architecture_pkg/package.dsv'
[13.927s] INFO:colcon.colcon_core.shell:Creating package script '/home/ubuntu/ros2_ws/install/control_architecture_pkg/share/control_architecture_pkg/package.sh'
[13.936s] INFO:colcon.colcon_core.shell:Creating package script '/home/ubuntu/ros2_ws/install/control_architecture_pkg/share/control_architecture_pkg/package.bash'
[13.941s] INFO:colcon.colcon_core.shell:Creating package script '/home/ubuntu/ros2_ws/install/control_architecture_pkg/share/control_architecture_pkg/package.zsh'
[13.945s] Level 1:colcon.colcon_core.environment:create_file_with_runtime_dependencies(/home/ubuntu/ros2_ws/install/control_architecture_pkg/share/colcon-core/packages/control_architecture_pkg)
[14.218s] Level 1:colcon.colcon_core.environment:checking '/home/ubuntu/ros2_ws/install/robot_control_architecture_pkg' for CMake module files
[14.220s] Level 1:colcon.colcon_core.environment:checking '/home/ubuntu/ros2_ws/install/robot_control_architecture_pkg' for CMake config files
[14.223s] DEBUG:colcon.colcon_core.event_handler.log_command:Invoked command in '/home/ubuntu/ros2_ws/src/robot_control_architecture_pkg' returned '0': PYTHONPATH=/home/ubuntu/ros2_ws/build/robot_control_architecture_pkg/prefix_override:/home/ubuntu/ros2_ws/install/robot_control_architecture_pkg/lib/python3.10/site-packages:${PYTHONPATH} /usr/bin/python3 setup.py egg_info --egg-base ../../build/robot_control_architecture_pkg build --build-base /home/ubuntu/ros2_ws/build/robot_control_architecture_pkg/build install --record /home/ubuntu/ros2_ws/build/robot_control_architecture_pkg/install.log --single-version-externally-managed
[14.229s] Level 1:colcon.colcon_core.environment:checking '/home/ubuntu/ros2_ws/install/robot_control_architecture_pkg/lib'
[14.230s] Level 1:colcon.colcon_core.environment:checking '/home/ubuntu/ros2_ws/install/robot_control_architecture_pkg/bin'
[14.230s] Level 1:colcon.colcon_core.environment:checking '/home/ubuntu/ros2_ws/install/robot_control_architecture_pkg/lib/pkgconfig/robot_control_architecture_pkg.pc'
[14.233s] Level 1:colcon.colcon_core.environment:checking '/home/ubuntu/ros2_ws/install/robot_control_architecture_pkg/lib/python3.10/site-packages'
[14.234s] Level 1:colcon.colcon_core.shell:create_environment_hook('robot_control_architecture_pkg', 'pythonpath')
[14.243s] INFO:colcon.colcon_core.shell:Creating environment hook '/home/ubuntu/ros2_ws/install/robot_control_architecture_pkg/share/robot_control_architecture_pkg/hook/pythonpath.ps1'
[14.245s] INFO:colcon.colcon_core.shell:Creating environment descriptor '/home/ubuntu/ros2_ws/install/robot_control_architecture_pkg/share/robot_control_architecture_pkg/hook/pythonpath.dsv'
[14.248s] INFO:colcon.colcon_core.shell:Creating environment hook '/home/ubuntu/ros2_ws/install/robot_control_architecture_pkg/share/robot_control_architecture_pkg/hook/pythonpath.sh'
[14.251s] Level 1:colcon.colcon_core.environment:checking '/home/ubuntu/ros2_ws/install/robot_control_architecture_pkg/bin'
[14.252s] Level 1:colcon.colcon_core.environment:create_environment_scripts_only(robot_control_architecture_pkg)
[14.261s] INFO:colcon.colcon_core.shell:Creating package script '/home/ubuntu/ros2_ws/install/robot_control_architecture_pkg/share/robot_control_architecture_pkg/package.ps1'
[14.268s] INFO:colcon.colcon_core.shell:Creating package descriptor '/home/ubuntu/ros2_ws/install/robot_control_architecture_pkg/share/robot_control_architecture_pkg/package.dsv'
[14.270s] INFO:colcon.colcon_core.shell:Creating package script '/home/ubuntu/ros2_ws/install/robot_control_architecture_pkg/share/robot_control_architecture_pkg/package.sh'
[14.273s] INFO:colcon.colcon_core.shell:Creating package script '/home/ubuntu/ros2_ws/install/robot_control_architecture_pkg/share/robot_control_architecture_pkg/package.bash'
[14.275s] INFO:colcon.colcon_core.shell:Creating package script '/home/ubuntu/ros2_ws/install/robot_control_architecture_pkg/share/robot_control_architecture_pkg/package.zsh'
[14.279s] Level 1:colcon.colcon_core.environment:create_file_with_runtime_dependencies(/home/ubuntu/ros2_ws/install/robot_control_architecture_pkg/share/colcon-core/packages/robot_control_architecture_pkg)
[14.284s] DEBUG:colcon.colcon_parallel_executor.executor.parallel:closing loop
[14.285s] DEBUG:colcon.colcon_parallel_executor.executor.parallel:loop closed
[14.285s] DEBUG:colcon.colcon_parallel_executor.executor.parallel:run_until_complete finished with '0'
[14.286s] DEBUG:colcon.colcon_core.event_reactor:joining thread
[14.320s] INFO:colcon.colcon_core.plugin_system:Skipping extension 'colcon_notification.desktop_notification.notify_send': Could not find 'notify-send'
[14.321s] INFO:colcon.colcon_core.plugin_system:Skipping extension 'colcon_notification.desktop_notification.terminal_notifier': Not used on non-Darwin systems
[14.321s] INFO:colcon.colcon_core.plugin_system:Skipping extension 'colcon_notification.desktop_notification.win32': Not used on non-Windows systems
[14.321s] INFO:colcon.colcon_notification.desktop_notification:Sending desktop notification using 'notify2'
[14.325s] DEBUG:colcon.colcon_notification.desktop_notification.notify2:Failed to initialize notify2: org.freedesktop.DBus.Error.ServiceUnknown: The name org.freedesktop.Notifications was not provided by any .service files
[14.326s] DEBUG:colcon.colcon_core.event_reactor:joined thread
[14.331s] INFO:colcon.colcon_core.shell:Creating prefix script '/home/ubuntu/ros2_ws/install/local_setup.ps1'
[14.336s] INFO:colcon.colcon_core.shell:Creating prefix util module '/home/ubuntu/ros2_ws/install/_local_setup_util_ps1.py'
[14.346s] INFO:colcon.colcon_core.shell:Creating prefix chain script '/home/ubuntu/ros2_ws/install/setup.ps1'
[14.353s] INFO:colcon.colcon_core.shell:Creating prefix script '/home/ubuntu/ros2_ws/install/local_setup.sh'
[14.358s] INFO:colcon.colcon_core.shell:Creating prefix util module '/home/ubuntu/ros2_ws/install/_local_setup_util_sh.py'
[14.362s] INFO:colcon.colcon_core.shell:Creating prefix chain script '/home/ubuntu/ros2_ws/install/setup.sh'
[14.369s] INFO:colcon.colcon_core.shell:Creating prefix script '/home/ubuntu/ros2_ws/install/local_setup.bash'
[14.372s] INFO:colcon.colcon_core.shell:Creating prefix chain script '/home/ubuntu/ros2_ws/install/setup.bash'
[14.384s] INFO:colcon.colcon_core.shell:Creating prefix script '/home/ubuntu/ros2_ws/install/local_setup.zsh'
[14.390s] INFO:colcon.colcon_core.shell:Creating prefix chain script '/home/ubuntu/ros2_ws/install/setup.zsh'
